<?xml version='1.0' encoding='utf-8'?>
<!DOCTYPE coverage SYSTEM 'http://cobertura.sourceforge.net/xml/coverage-04.dtd'>
<coverage line-rate="0.7160852713178295" branch-rate="0.3936378466557912" lines-covered="2956" lines-valid="4128" branches-covered="2413" branches-valid="6130" complexity="0.0" timestamp="1772014609" version="gcovr 8.6"><sources><source>/app</source></sources><packages><package name="src" line-rate="0.7123669538773442" branch-rate="0.39029255319148937" complexity="0.0"><classes><class name="AsyncLogger_h" filename="src/AsyncLogger.h" line-rate="0.9662162162162162" branch-rate="0.6197183098591549" complexity="0.0"><methods><method name="AsyncLogger::Get" signature="()" line-rate="1.0" branch-rate="0.5" complexity="0.0"><lines><line number="107" hits="50832" branch="false"/><line number="108" hits="50832" branch="true" condition-coverage="50% (4/8)"><conditions><condition number="0" type="jump" coverage="50%"/></conditions></line><line number="109" hits="50832" branch="false"/></lines></method><method name="AsyncLogger::Start" signature="(SessionInfo const&amp;, std::__cxx11::basic_string&lt;char, std::char_traits&lt;char&gt;, std::allocator&lt;char&gt; &gt; const&amp;)" line-rate="0.9333333333333333" branch-rate="0.48333333333333334" complexity="0.0"><lines><line number="113" hits="28" branch="false"/><line number="114" hits="28" branch="true" condition-coverage="50% (1/2)"><conditions><condition number="0" type="jump" coverage="50%"/></conditions></line><line number="115" hits="28" branch="true" condition-coverage="50% (1/2)"><conditions><condition number="0" type="jump" coverage="50%"/></conditions></line><line number="117" hits="28" branch="true" condition-coverage="50% (1/2)"><conditions><condition number="0" type="jump" coverage="50%"/></conditions></line><line number="118" hits="28" branch="true" condition-coverage="50% (1/2)"><conditions><condition number="0" type="jump" coverage="50%"/></conditions></line><line number="119" hits="28" branch="false"/><line number="120" hits="28" branch="false"/><line number="121" hits="28" branch="false"/><line number="124" hits="28" branch="false"/><line number="125" hits="28" branch="false"/><line number="132" hits="28" branch="false"/><line number="135" hits="28" branch="true" condition-coverage="50% (1/2)"><conditions><condition number="0" type="jump" coverage="50%"/></conditions></line><line number="136" hits="28" branch="true" condition-coverage="50% (1/2)"><conditions><condition number="0" type="jump" coverage="50%"/></conditions></line><line number="137" hits="28" branch="true" condition-coverage="50% (1/2)"><conditions><condition number="0" type="jump" coverage="50%"/></conditions></line><line number="139" hits="28" branch="true" condition-coverage="50% (1/2)"><conditions><condition number="0" type="jump" coverage="50%"/></conditions></line><line number="140" hits="28" branch="true" condition-coverage="50% (1/2)"><conditions><condition number="0" type="jump" coverage="50%"/></conditions></line><line number="142" hits="28" branch="true" condition-coverage="50% (1/2)"><conditions><condition number="0" type="jump" coverage="50%"/></conditions></line><line number="143" hits="28" branch="true" condition-coverage="50% (1/2)"><conditions><condition number="0" type="jump" coverage="50%"/></conditions></line><line number="146" hits="28" branch="true" condition-coverage="50% (2/4)"><conditions><condition number="0" type="jump" coverage="50%"/></conditions></line><line number="147" hits="0" branch="false"/><line number="149" hits="0" branch="true" condition-coverage="0% (0/2)"><conditions><condition number="0" type="jump" coverage="0%"/></conditions></line><line number="151" hits="28" branch="true" condition-coverage="50% (3/6)"><conditions><condition number="0" type="jump" coverage="50%"/></conditions></line><line number="152" hits="28" branch="true" condition-coverage="50% (1/2)"><conditions><condition number="0" type="jump" coverage="50%"/></conditions></line><line number="156" hits="28" branch="true" condition-coverage="50% (7/14)"><conditions><condition number="0" type="jump" coverage="50%"/></conditions></line><line number="159" hits="28" branch="true" condition-coverage="50% (1/2)"><conditions><condition number="0" type="jump" coverage="50%"/></conditions></line><line number="160" hits="28" branch="true" condition-coverage="50% (1/2)"><conditions><condition number="0" type="jump" coverage="50%"/></conditions></line><line number="161" hits="28" branch="true" condition-coverage="50% (1/2)"><conditions><condition number="0" type="jump" coverage="50%"/></conditions></line><line number="162" hits="28" branch="false"/><line number="163" hits="28" branch="true" condition-coverage="50% (1/2)"><conditions><condition number="0" type="jump" coverage="50%"/></conditions></line><line number="165" hits="28" branch="true" condition-coverage="50% (1/2)"><conditions><condition number="0" type="jump" coverage="50%"/></conditions></line></lines></method><method name="AsyncLogger::Stop" signature="()" line-rate="1.0" branch-rate="0.7" complexity="0.0"><lines><line number="168" hits="60" branch="false"/><line number="170" hits="60" branch="true" condition-coverage="50% (1/2)"><conditions><condition number="0" type="jump" coverage="50%"/></conditions></line><line number="171" hits="60" branch="true" condition-coverage="100% (2/2)"><conditions><condition number="0" type="jump" coverage="100%"/></conditions></line><line number="172" hits="28" branch="false"/><line number="173" hits="60" branch="true" condition-coverage="100% (2/2)"><conditions><condition number="0" type="jump" coverage="100%"/></conditions></line><line number="174" hits="28" branch="false"/><line number="175" hits="28" branch="true" condition-coverage="50% (1/2)"><conditions><condition number="0" type="jump" coverage="50%"/></conditions></line><line number="176" hits="28" branch="false"/><line number="178" hits="28" branch="true" condition-coverage="50% (1/2)"><conditions><condition number="0" type="jump" coverage="50%"/></conditions></line><line number="179" hits="28" branch="false"/><line number="181" hits="28" branch="false"/><line number="182" hits="28" branch="false"/></lines></method><method name="AsyncLogger::Log" signature="(LogFrame const&amp;)" line-rate="1.0" branch-rate="0.7272727272727273" complexity="0.0"><lines><line number="186" hits="4208" branch="false"/><line number="187" hits="7364" branch="true" condition-coverage="50% (1/2)"><conditions><condition number="0" type="jump" coverage="50%"/></conditions></line><line number="190" hits="4208" branch="true" condition-coverage="87% (7/8)"><conditions><condition number="0" type="jump" coverage="87%"/></conditions></line><line number="191" hits="3156" branch="false"/><line number="193" hits="1052" branch="false"/><line number="195" hits="1052" branch="false"/><line number="196" hits="1052" branch="true" condition-coverage="100% (2/2)"><conditions><condition number="0" type="jump" coverage="100%"/></conditions></line><line number="197" hits="4" branch="false"/><line number="198" hits="4" branch="false"/><line number="201" hits="1052" branch="false"/><line number="203" hits="1052" branch="true" condition-coverage="50% (1/2)"><conditions><condition number="0" type="jump" coverage="50%"/></conditions></line><line number="204" hits="1052" branch="true" condition-coverage="50% (1/2)"><conditions><condition number="0" type="jump" coverage="50%"/></conditions></line><line number="205" hits="1052" branch="true" condition-coverage="50% (1/2)"><conditions><condition number="0" type="jump" coverage="50%"/></conditions></line><line number="206" hits="1052" branch="false"/><line number="207" hits="1052" branch="true" condition-coverage="50% (1/2)"><conditions><condition number="0" type="jump" coverage="50%"/></conditions></line><line number="209" hits="1052" branch="false"/><line number="211" hits="1052" branch="true" condition-coverage="100% (2/2)"><conditions><condition number="0" type="jump" coverage="100%"/></conditions></line><line number="212" hits="62" branch="false"/></lines></method><method name="AsyncLogger::SetMarker" signature="()" line-rate="1.0" branch-rate="1.0" complexity="0.0"><lines><line number="217" hits="4" branch="false"/></lines></method><method name="AsyncLogger::IsLogging" signature="() const" line-rate="1.0" branch-rate="1.0" complexity="0.0"><lines><line number="220" hits="46508" branch="false"/></lines></method><method name="AsyncLogger::GetFrameCount" signature="() const" line-rate="1.0" branch-rate="1.0" complexity="0.0"><lines><line number="221" hits="16" branch="false"/></lines></method><method name="AsyncLogger::GetFilename[abi:cxx11]" signature="() const" line-rate="1.0" branch-rate="1.0" complexity="0.0"><lines><line number="222" hits="12" branch="false"/></lines></method><method name="AsyncLogger::GetFileSizeBytes" signature="() const" line-rate="0.0" branch-rate="1.0" complexity="0.0"><lines><line number="223" hits="0" branch="false"/></lines></method><method name="AsyncLogger::AsyncLogger" signature="()" line-rate="1.0" branch-rate="1.0" complexity="0.0"><lines><line number="226" hits="4" branch="false"/><line number="227" hits="8" branch="false"/></lines></method><method name="AsyncLogger::~AsyncLogger" signature="()" line-rate="1.0" branch-rate="1.0" complexity="0.0"><lines><line number="228" hits="4" branch="false"/></lines></method><method name="AsyncLogger::WorkerThread" signature="()" line-rate="1.0" branch-rate="0.5" complexity="0.0"><lines><line number="234" hits="28" branch="false"/><line number="236" hits="36" branch="true" condition-coverage="50% (1/2)"><conditions><condition number="0" type="jump" coverage="50%"/></conditions></line></lines></method><method name="AsyncLogger::WorkerThread()::{lambda()#1}::operator()" signature="() const" line-rate="0.8823529411764706" branch-rate="0.75" complexity="0.0"><lines><line number="237" hits="81" branch="true" condition-coverage="83% (5/6)"><conditions><condition number="0" type="jump" coverage="83%"/></conditions></line><line number="240" hits="36" branch="true" condition-coverage="100% (2/2)"><conditions><condition number="0" type="jump" coverage="100%"/></conditions></line><line number="241" hits="16" branch="false"/><line number="245" hits="36" branch="true" condition-coverage="100% (6/6)"><conditions><condition number="0" type="jump" coverage="100%"/></conditions></line><line number="246" hits="20" branch="false"/><line number="249" hits="16" branch="true" condition-coverage="50% (1/2)"><conditions><condition number="0" type="jump" coverage="50%"/></conditions></line><line number="252" hits="688" branch="true" condition-coverage="100% (2/2)"><conditions><condition number="0" type="jump" coverage="100%"/></conditions></line><line number="253" hits="672" branch="true" condition-coverage="50% (1/2)"><conditions><condition number="0" type="jump" coverage="50%"/></conditions></line><line number="255" hits="16" branch="false"/><line number="258" hits="16" branch="false"/><line number="259" hits="16" branch="true" condition-coverage="50% (2/4)"><conditions><condition number="0" type="jump" coverage="50%"/></conditions></line><line number="260" hits="16" branch="true" condition-coverage="50% (1/2)"><conditions><condition number="0" type="jump" coverage="50%"/></conditions></line><line number="261" hits="0" branch="true" condition-coverage="0% (0/2)"><conditions><condition number="0" type="jump" coverage="0%"/></conditions></line><line number="262" hits="0" branch="false"/><line number="265" hits="16" branch="true" condition-coverage="100% (2/2)"><conditions><condition number="0" type="jump" coverage="100%"/></conditions></line><line number="266" hits="44" branch="true" condition-coverage="100% (2/2)"><conditions><condition number="0" type="jump" coverage="100%"/></conditions></line><line number="267" hits="28" branch="false"/></lines></method><method name="AsyncLogger::WriteHeader" signature="(SessionInfo const&amp;)" line-rate="1.0" branch-rate="1.0" complexity="0.0"><lines><line number="269" hits="28" branch="false"/><line number="270" hits="28" branch="false"/><line number="271" hits="28" branch="false"/><line number="272" hits="28" branch="false"/><line number="273" hits="28" branch="false"/><line number="274" hits="28" branch="false"/><line number="275" hits="28" branch="false"/><line number="276" hits="28" branch="false"/><line number="277" hits="28" branch="false"/><line number="278" hits="28" branch="false"/><line number="279" hits="28" branch="false"/><line number="280" hits="28" branch="false"/><line number="281" hits="28" branch="false"/><line number="282" hits="28" branch="false"/><line number="283" hits="28" branch="false"/><line number="284" hits="28" branch="true" condition-coverage="100% (2/2)"><conditions><condition number="0" type="jump" coverage="100%"/></conditions></line><line number="285" hits="28" branch="false"/><line number="286" hits="28" branch="false"/><line number="287" hits="28" branch="false"/><line number="288" hits="28" branch="false"/><line number="289" hits="28" branch="true" condition-coverage="100% (2/2)"><conditions><condition number="0" type="jump" coverage="100%"/></conditions></line><line number="290" hits="28" branch="false"/><line number="298" hits="28" branch="false"/><line number="299" hits="28" branch="false"/></lines></method><method name="AsyncLogger::WriteFrame" signature="(LogFrame const&amp;)" line-rate="1.0" branch-rate="0.75" complexity="0.0"><lines><line number="301" hits="672" branch="false"/><line number="302" hits="672" branch="false"/><line number="303" hits="672" branch="false"/><line number="304" hits="672" branch="false"/><line number="305" hits="672" branch="false"/><line number="307" hits="672" branch="false"/><line number="308" hits="672" branch="false"/><line number="309" hits="672" branch="false"/><line number="310" hits="672" branch="false"/><line number="312" hits="672" branch="false"/><line number="314" hits="672" branch="false"/><line number="315" hits="672" branch="false"/><line number="316" hits="672" branch="false"/><line number="317" hits="672" branch="false"/><line number="318" hits="672" branch="false"/><line number="319" hits="672" branch="false"/><line number="321" hits="672" branch="false"/><line number="322" hits="672" branch="false"/><line number="323" hits="672" branch="true" condition-coverage="75% (3/4)"><conditions><condition number="0" type="jump" coverage="75%"/></conditions></line><line number="326" hits="672" branch="false"/><line number="327" hits="672" branch="false"/></lines></method><method name="AsyncLogger::SanitizeFilename" signature="(std::__cxx11::basic_string&lt;char, std::char_traits&lt;char&gt;, std::allocator&lt;char&gt; &gt; const&amp;)" line-rate="1.0" branch-rate="1.0" complexity="0.0"><lines><line number="329" hits="56" branch="false"/><line number="330" hits="56" branch="false"/><line number="332" hits="56" branch="false"/><line number="333" hits="56" branch="false"/><line number="334" hits="56" branch="false"/><line number="335" hits="56" branch="false"/><line number="336" hits="56" branch="false"/><line number="337" hits="56" branch="false"/><line number="338" hits="56" branch="false"/><line number="339" hits="56" branch="false"/><line number="340" hits="56" branch="false"/><line number="341" hits="56" branch="false"/><line number="342" hits="56" branch="false"/></lines></method></methods><lines><line number="107" hits="50832" branch="false"/><line number="108" hits="50832" branch="true" condition-coverage="50% (4/8)"><conditions><condition number="0" type="jump" coverage="50%"/></conditions></line><line number="109" hits="50832" branch="false"/><line number="113" hits="28" branch="false"/><line number="114" hits="28" branch="true" condition-coverage="50% (1/2)"><conditions><condition number="0" type="jump" coverage="50%"/></conditions></line><line number="115" hits="28" branch="true" condition-coverage="50% (1/2)"><conditions><condition number="0" type="jump" coverage="50%"/></conditions></line><line number="117" hits="28" branch="true" condition-coverage="50% (1/2)"><conditions><condition number="0" type="jump" coverage="50%"/></conditions></line><line number="118" hits="28" branch="true" condition-coverage="50% (1/2)"><conditions><condition number="0" type="jump" coverage="50%"/></conditions></line><line number="119" hits="28" branch="false"/><line number="120" hits="28" branch="false"/><line number="121" hits="28" branch="false"/><line number="124" hits="28" branch="false"/><line number="125" hits="28" branch="false"/><line number="132" hits="28" branch="false"/><line number="135" hits="28" branch="true" condition-coverage="50% (1/2)"><conditions><condition number="0" type="jump" coverage="50%"/></conditions></line><line number="136" hits="28" branch="true" condition-coverage="50% (1/2)"><conditions><condition number="0" type="jump" coverage="50%"/></conditions></line><line number="137" hits="28" branch="true" condition-coverage="50% (1/2)"><conditions><condition number="0" type="jump" coverage="50%"/></conditions></line><line number="139" hits="28" branch="true" condition-coverage="50% (1/2)"><conditions><condition number="0" type="jump" coverage="50%"/></conditions></line><line number="140" hits="28" branch="true" condition-coverage="50% (1/2)"><conditions><condition number="0" type="jump" coverage="50%"/></conditions></line><line number="142" hits="28" branch="true" condition-coverage="50% (1/2)"><conditions><condition number="0" type="jump" coverage="50%"/></conditions></line><line number="143" hits="28" branch="true" condition-coverage="50% (1/2)"><conditions><condition number="0" type="jump" coverage="50%"/></conditions></line><line number="146" hits="28" branch="true" condition-coverage="50% (2/4)"><conditions><condition number="0" type="jump" coverage="50%"/></conditions></line><line number="147" hits="0" branch="false"/><line number="149" hits="0" branch="true" condition-coverage="0% (0/2)"><conditions><condition number="0" type="jump" coverage="0%"/></conditions></line><line number="151" hits="28" branch="true" condition-coverage="50% (3/6)"><conditions><condition number="0" type="jump" coverage="50%"/></conditions></line><line number="152" hits="28" branch="true" condition-coverage="50% (1/2)"><conditions><condition number="0" type="jump" coverage="50%"/></conditions></line><line number="156" hits="28" branch="true" condition-coverage="50% (7/14)"><conditions><condition number="0" type="jump" coverage="50%"/></conditions></line><line number="159" hits="28" branch="true" condition-coverage="50% (1/2)"><conditions><condition number="0" type="jump" coverage="50%"/></conditions></line><line number="160" hits="28" branch="true" condition-coverage="50% (1/2)"><conditions><condition number="0" type="jump" coverage="50%"/></conditions></line><line number="161" hits="28" branch="true" condition-coverage="50% (1/2)"><conditions><condition number="0" type="jump" coverage="50%"/></conditions></line><line number="162" hits="28" branch="false"/><line number="163" hits="28" branch="true" condition-coverage="50% (1/2)"><conditions><condition number="0" type="jump" coverage="50%"/></conditions></line><line number="165" hits="28" branch="true" condition-coverage="50% (1/2)"><conditions><condition number="0" type="jump" coverage="50%"/></conditions></line><line number="168" hits="60" branch="false"/><line number="170" hits="60" branch="true" condition-coverage="50% (1/2)"><conditions><condition number="0" type="jump" coverage="50%"/></conditions></line><line number="171" hits="60" branch="true" condition-coverage="100% (2/2)"><conditions><condition number="0" type="jump" coverage="100%"/></conditions></line><line number="172" hits="28" branch="false"/><line number="173" hits="60" branch="true" condition-coverage="100% (2/2)"><conditions><condition number="0" type="jump" coverage="100%"/></conditions></line><line number="174" hits="28" branch="false"/><line number="175" hits="28" branch="true" condition-coverage="50% (1/2)"><conditions><condition number="0" type="jump" coverage="50%"/></conditions></line><line number="176" hits="28" branch="false"/><line number="178" hits="28" branch="true" condition-coverage="50% (1/2)"><conditions><condition number="0" type="jump" coverage="50%"/></conditions></line><line number="179" hits="28" branch="false"/><line number="181" hits="28" branch="false"/><line number="182" hits="28" branch="false"/><line number="186" hits="4208" branch="false"/><line number="187" hits="7364" branch="true" condition-coverage="50% (1/2)"><conditions><condition number="0" type="jump" coverage="50%"/></conditions></line><line number="190" hits="4208" branch="true" condition-coverage="87% (7/8)"><conditions><condition number="0" type="jump" coverage="87%"/></conditions></line><line number="191" hits="3156" branch="false"/><line number="193" hits="1052" branch="false"/><line number="195" hits="1052" branch="false"/><line number="196" hits="1052" branch="true" condition-coverage="100% (2/2)"><conditions><condition number="0" type="jump" coverage="100%"/></conditions></line><line number="197" hits="4" branch="false"/><line number="198" hits="4" branch="false"/><line number="201" hits="1052" branch="false"/><line number="203" hits="1052" branch="true" condition-coverage="50% (1/2)"><conditions><condition number="0" type="jump" coverage="50%"/></conditions></line><line number="204" hits="1052" branch="true" condition-coverage="50% (1/2)"><conditions><condition number="0" type="jump" coverage="50%"/></conditions></line><line number="205" hits="1052" branch="true" condition-coverage="50% (1/2)"><conditions><condition number="0" type="jump" coverage="50%"/></conditions></line><line number="206" hits="1052" branch="false"/><line number="207" hits="1052" branch="true" condition-coverage="50% (1/2)"><conditions><condition number="0" type="jump" coverage="50%"/></conditions></line><line number="209" hits="1052" branch="false"/><line number="211" hits="1052" branch="true" condition-coverage="100% (2/2)"><conditions><condition number="0" type="jump" coverage="100%"/></conditions></line><line number="212" hits="62" branch="false"/><line number="217" hits="4" branch="false"/><line number="220" hits="46508" branch="false"/><line number="221" hits="16" branch="false"/><line number="222" hits="12" branch="false"/><line number="223" hits="0" branch="false"/><line number="226" hits="4" branch="false"/><line number="227" hits="8" branch="false"/><line number="228" hits="4" branch="false"/><line number="234" hits="28" branch="false"/><line number="236" hits="36" branch="true" condition-coverage="50% (1/2)"><conditions><condition number="0" type="jump" coverage="50%"/></conditions></line><line number="237" hits="81" branch="true" condition-coverage="83% (5/6)"><conditions><condition number="0" type="jump" coverage="83%"/></conditions></line><line number="240" hits="36" branch="true" condition-coverage="100% (2/2)"><conditions><condition number="0" type="jump" coverage="100%"/></conditions></line><line number="241" hits="16" branch="false"/><line number="245" hits="36" branch="true" condition-coverage="100% (6/6)"><conditions><condition number="0" type="jump" coverage="100%"/></conditions></line><line number="246" hits="20" branch="false"/><line number="249" hits="16" branch="true" condition-coverage="50% (1/2)"><conditions><condition number="0" type="jump" coverage="50%"/></conditions></line><line number="252" hits="688" branch="true" condition-coverage="100% (2/2)"><conditions><condition number="0" type="jump" coverage="100%"/></conditions></line><line number="253" hits="672" branch="true" condition-coverage="50% (1/2)"><conditions><condition number="0" type="jump" coverage="50%"/></conditions></line><line number="255" hits="16" branch="false"/><line number="258" hits="16" branch="false"/><line number="259" hits="16" branch="true" condition-coverage="50% (2/4)"><conditions><condition number="0" type="jump" coverage="50%"/></conditions></line><line number="260" hits="16" branch="true" condition-coverage="50% (1/2)"><conditions><condition number="0" type="jump" coverage="50%"/></conditions></line><line number="261" hits="0" branch="true" condition-coverage="0% (0/2)"><conditions><condition number="0" type="jump" coverage="0%"/></conditions></line><line number="262" hits="0" branch="false"/><line number="265" hits="16" branch="true" condition-coverage="100% (2/2)"><conditions><condition number="0" type="jump" coverage="100%"/></conditions></line><line number="266" hits="44" branch="true" condition-coverage="100% (2/2)"><conditions><condition number="0" type="jump" coverage="100%"/></conditions></line><line number="267" hits="28" branch="false"/><line number="269" hits="28" branch="false"/><line number="270" hits="28" branch="false"/><line number="271" hits="28" branch="false"/><line number="272" hits="28" branch="false"/><line number="273" hits="28" branch="false"/><line number="274" hits="28" branch="false"/><line number="275" hits="28" branch="false"/><line number="276" hits="28" branch="false"/><line number="277" hits="28" branch="false"/><line number="278" hits="28" branch="false"/><line number="279" hits="28" branch="false"/><line number="280" hits="28" branch="false"/><line number="281" hits="28" branch="false"/><line number="282" hits="28" branch="false"/><line number="283" hits="28" branch="false"/><line number="284" hits="28" branch="true" condition-coverage="100% (2/2)"><conditions><condition number="0" type="jump" coverage="100%"/></conditions></line><line number="285" hits="28" branch="false"/><line number="286" hits="28" branch="false"/><line number="287" hits="28" branch="false"/><line number="288" hits="28" branch="false"/><line number="289" hits="28" branch="true" condition-coverage="100% (2/2)"><conditions><condition number="0" type="jump" coverage="100%"/></conditions></line><line number="290" hits="28" branch="false"/><line number="298" hits="28" branch="false"/><line number="299" hits="28" branch="false"/><line number="301" hits="672" branch="false"/><line number="302" hits="672" branch="false"/><line number="303" hits="672" branch="false"/><line number="304" hits="672" branch="false"/><line number="305" hits="672" branch="false"/><line number="307" hits="672" branch="false"/><line number="308" hits="672" branch="false"/><line number="309" hits="672" branch="false"/><line number="310" hits="672" branch="false"/><line number="312" hits="672" branch="false"/><line number="314" hits="672" branch="false"/><line number="315" hits="672" branch="false"/><line number="316" hits="672" branch="false"/><line number="317" hits="672" branch="false"/><line number="318" hits="672" branch="false"/><line number="319" hits="672" branch="false"/><line number="321" hits="672" branch="false"/><line number="322" hits="672" branch="false"/><line number="323" hits="672" branch="true" condition-coverage="75% (3/4)"><conditions><condition number="0" type="jump" coverage="75%"/></conditions></line><line number="326" hits="672" branch="false"/><line number="327" hits="672" branch="false"/><line number="329" hits="56" branch="false"/><line number="330" hits="56" branch="false"/><line number="332" hits="56" branch="false"/><line number="333" hits="56" branch="false"/><line number="334" hits="56" branch="false"/><line number="335" hits="56" branch="false"/><line number="336" hits="56" branch="false"/><line number="337" hits="56" branch="false"/><line number="338" hits="56" branch="false"/><line number="339" hits="56" branch="false"/><line number="340" hits="56" branch="false"/><line number="341" hits="56" branch="false"/><line number="342" hits="56" branch="false"/></lines></class><class name="Config_cpp" filename="src/Config.cpp" line-rate="0.9146730462519936" branch-rate="0.5476923076923077" complexity="0.0"><methods><method name="Config::ParsePresetLine" signature="(std::__cxx11::basic_string&lt;char, std::char_traits&lt;char&gt;, std::allocator&lt;char&gt; &gt; const&amp;, Preset&amp;, std::__cxx11::basic_string&lt;char, std::char_traits&lt;char&gt;, std::allocator&lt;char&gt; &gt;&amp;, bool&amp;)" line-rate="0.8807339449541285" branch-rate="0.6336996336996337" complexity="0.0"><lines><line number="33" hits="3964" branch="false"/><line number="34" hits="3964" branch="true" condition-coverage="50% (1/2)"><conditions><condition number="0" type="jump" coverage="50%"/></conditions></line><line number="35" hits="3964" branch="false"/><line number="36" hits="3964" branch="true" condition-coverage="50% (3/6)"><conditions><condition number="0" type="jump" coverage="50%"/></conditions></line><line number="37" hits="3964" branch="false"/><line number="38" hits="3964" branch="true" condition-coverage="50% (3/6)"><conditions><condition number="0" type="jump" coverage="50%"/></conditions></line><line number="41" hits="3964" branch="true" condition-coverage="66% (4/6)"><conditions><condition number="0" type="jump" coverage="66%"/></conditions></line><line number="42" hits="3912" branch="true" condition-coverage="66% (4/6)"><conditions><condition number="0" type="jump" coverage="66%"/></conditions></line><line number="43" hits="3856" branch="true" condition-coverage="75% (3/4)"><conditions><condition number="0" type="jump" coverage="75%"/></conditions></line><line number="44" hits="48" branch="true" condition-coverage="50% (1/2)"><conditions><condition number="0" type="jump" coverage="50%"/></conditions></line><line number="45" hits="48" branch="true" condition-coverage="50% (1/2)"><conditions><condition number="0" type="jump" coverage="50%"/></conditions></line><line number="46" hits="0" branch="false"/><line number="47" hits="0" branch="false"/><line number="48" hits="0" branch="true" condition-coverage="0% (0/4)"><conditions><condition number="0" type="jump" coverage="0%"/></conditions></line><line number="49" hits="0" branch="true" condition-coverage="0% (0/6)"><conditions><condition number="0" type="jump" coverage="0%"/></conditions></line><line number="50" hits="0" branch="false"/><line number="52" hits="48" branch="false"/><line number="54" hits="3808" branch="true" condition-coverage="66% (4/6)"><conditions><condition number="0" type="jump" coverage="66%"/></conditions></line><line number="55" hits="3760" branch="true" condition-coverage="66% (4/6)"><conditions><condition number="0" type="jump" coverage="66%"/></conditions></line><line number="56" hits="3712" branch="true" condition-coverage="66% (4/6)"><conditions><condition number="0" type="jump" coverage="66%"/></conditions></line><line number="57" hits="3664" branch="true" condition-coverage="66% (4/6)"><conditions><condition number="0" type="jump" coverage="66%"/></conditions></line><line number="58" hits="3616" branch="true" condition-coverage="66% (4/6)"><conditions><condition number="0" type="jump" coverage="66%"/></conditions></line><line number="59" hits="3568" branch="true" condition-coverage="66% (4/6)"><conditions><condition number="0" type="jump" coverage="66%"/></conditions></line><line number="60" hits="3520" branch="true" condition-coverage="66% (4/6)"><conditions><condition number="0" type="jump" coverage="66%"/></conditions></line><line number="61" hits="3472" branch="true" condition-coverage="66% (4/6)"><conditions><condition number="0" type="jump" coverage="66%"/></conditions></line><line number="62" hits="3424" branch="true" condition-coverage="66% (4/6)"><conditions><condition number="0" type="jump" coverage="66%"/></conditions></line><line number="63" hits="3376" branch="true" condition-coverage="66% (4/6)"><conditions><condition number="0" type="jump" coverage="66%"/></conditions></line><line number="64" hits="3328" branch="true" condition-coverage="66% (4/6)"><conditions><condition number="0" type="jump" coverage="66%"/></conditions></line><line number="65" hits="3280" branch="true" condition-coverage="66% (4/6)"><conditions><condition number="0" type="jump" coverage="66%"/></conditions></line><line number="66" hits="3228" branch="true" condition-coverage="66% (4/6)"><conditions><condition number="0" type="jump" coverage="66%"/></conditions></line><line number="67" hits="3180" branch="true" condition-coverage="66% (4/6)"><conditions><condition number="0" type="jump" coverage="66%"/></conditions></line><line number="68" hits="3132" branch="true" condition-coverage="66% (4/6)"><conditions><condition number="0" type="jump" coverage="66%"/></conditions></line><line number="69" hits="3084" branch="true" condition-coverage="66% (4/6)"><conditions><condition number="0" type="jump" coverage="66%"/></conditions></line><line number="70" hits="3036" branch="true" condition-coverage="66% (4/6)"><conditions><condition number="0" type="jump" coverage="66%"/></conditions></line><line number="71" hits="2988" branch="true" condition-coverage="66% (4/6)"><conditions><condition number="0" type="jump" coverage="66%"/></conditions></line><line number="72" hits="2940" branch="true" condition-coverage="66% (4/6)"><conditions><condition number="0" type="jump" coverage="66%"/></conditions></line><line number="73" hits="2888" branch="true" condition-coverage="66% (4/6)"><conditions><condition number="0" type="jump" coverage="66%"/></conditions></line><line number="74" hits="2840" branch="true" condition-coverage="33% (2/6)"><conditions><condition number="0" type="jump" coverage="33%"/></conditions></line><line number="75" hits="2840" branch="true" condition-coverage="66% (4/6)"><conditions><condition number="0" type="jump" coverage="66%"/></conditions></line><line number="76" hits="2792" branch="true" condition-coverage="66% (4/6)"><conditions><condition number="0" type="jump" coverage="66%"/></conditions></line><line number="77" hits="2744" branch="true" condition-coverage="66% (4/6)"><conditions><condition number="0" type="jump" coverage="66%"/></conditions></line><line number="78" hits="2696" branch="true" condition-coverage="66% (4/6)"><conditions><condition number="0" type="jump" coverage="66%"/></conditions></line><line number="79" hits="2648" branch="true" condition-coverage="66% (4/6)"><conditions><condition number="0" type="jump" coverage="66%"/></conditions></line><line number="80" hits="2600" branch="true" condition-coverage="66% (4/6)"><conditions><condition number="0" type="jump" coverage="66%"/></conditions></line><line number="81" hits="2552" branch="true" condition-coverage="66% (4/6)"><conditions><condition number="0" type="jump" coverage="66%"/></conditions></line><line number="82" hits="2504" branch="true" condition-coverage="66% (4/6)"><conditions><condition number="0" type="jump" coverage="66%"/></conditions></line><line number="83" hits="2456" branch="true" condition-coverage="66% (4/6)"><conditions><condition number="0" type="jump" coverage="66%"/></conditions></line><line number="84" hits="2408" branch="true" condition-coverage="66% (4/6)"><conditions><condition number="0" type="jump" coverage="66%"/></conditions></line><line number="85" hits="2360" branch="true" condition-coverage="66% (4/6)"><conditions><condition number="0" type="jump" coverage="66%"/></conditions></line><line number="86" hits="2312" branch="true" condition-coverage="66% (4/6)"><conditions><condition number="0" type="jump" coverage="66%"/></conditions></line><line number="87" hits="2264" branch="true" condition-coverage="66% (4/6)"><conditions><condition number="0" type="jump" coverage="66%"/></conditions></line><line number="88" hits="2216" branch="true" condition-coverage="66% (4/6)"><conditions><condition number="0" type="jump" coverage="66%"/></conditions></line><line number="89" hits="2168" branch="true" condition-coverage="66% (4/6)"><conditions><condition number="0" type="jump" coverage="66%"/></conditions></line><line number="90" hits="2120" branch="true" condition-coverage="50% (2/4)"><conditions><condition number="0" type="jump" coverage="50%"/></conditions></line><line number="92" hits="0" branch="true" condition-coverage="0% (0/2)"><conditions><condition number="0" type="jump" coverage="0%"/></conditions></line><line number="93" hits="0" branch="true" condition-coverage="0% (0/2)"><conditions><condition number="0" type="jump" coverage="0%"/></conditions></line><line number="95" hits="0" branch="false"/><line number="96" hits="0" branch="false"/><line number="99" hits="0" branch="false"/><line number="100" hits="0" branch="false"/><line number="102" hits="0" branch="false"/><line number="104" hits="2120" branch="true" condition-coverage="66% (4/6)"><conditions><condition number="0" type="jump" coverage="66%"/></conditions></line><line number="105" hits="2072" branch="true" condition-coverage="66% (4/6)"><conditions><condition number="0" type="jump" coverage="66%"/></conditions></line><line number="106" hits="2024" branch="true" condition-coverage="66% (4/6)"><conditions><condition number="0" type="jump" coverage="66%"/></conditions></line><line number="107" hits="1976" branch="true" condition-coverage="66% (4/6)"><conditions><condition number="0" type="jump" coverage="66%"/></conditions></line><line number="108" hits="1928" branch="true" condition-coverage="66% (4/6)"><conditions><condition number="0" type="jump" coverage="66%"/></conditions></line><line number="109" hits="1880" branch="true" condition-coverage="66% (4/6)"><conditions><condition number="0" type="jump" coverage="66%"/></conditions></line><line number="110" hits="1832" branch="true" condition-coverage="66% (4/6)"><conditions><condition number="0" type="jump" coverage="66%"/></conditions></line><line number="111" hits="1784" branch="true" condition-coverage="66% (4/6)"><conditions><condition number="0" type="jump" coverage="66%"/></conditions></line><line number="112" hits="1736" branch="true" condition-coverage="66% (4/6)"><conditions><condition number="0" type="jump" coverage="66%"/></conditions></line><line number="113" hits="1688" branch="true" condition-coverage="66% (4/6)"><conditions><condition number="0" type="jump" coverage="66%"/></conditions></line><line number="114" hits="1640" branch="true" condition-coverage="66% (4/6)"><conditions><condition number="0" type="jump" coverage="66%"/></conditions></line><line number="115" hits="1592" branch="true" condition-coverage="66% (4/6)"><conditions><condition number="0" type="jump" coverage="66%"/></conditions></line><line number="116" hits="1544" branch="true" condition-coverage="58% (7/12)"><conditions><condition number="0" type="jump" coverage="58%"/></conditions></line><line number="117" hits="1496" branch="true" condition-coverage="66% (4/6)"><conditions><condition number="0" type="jump" coverage="66%"/></conditions></line><line number="118" hits="1448" branch="true" condition-coverage="66% (4/6)"><conditions><condition number="0" type="jump" coverage="66%"/></conditions></line><line number="119" hits="1400" branch="true" condition-coverage="66% (4/6)"><conditions><condition number="0" type="jump" coverage="66%"/></conditions></line><line number="120" hits="1352" branch="true" condition-coverage="66% (4/6)"><conditions><condition number="0" type="jump" coverage="66%"/></conditions></line><line number="121" hits="1304" branch="true" condition-coverage="66% (4/6)"><conditions><condition number="0" type="jump" coverage="66%"/></conditions></line><line number="122" hits="1256" branch="true" condition-coverage="66% (4/6)"><conditions><condition number="0" type="jump" coverage="66%"/></conditions></line><line number="123" hits="1208" branch="true" condition-coverage="66% (4/6)"><conditions><condition number="0" type="jump" coverage="66%"/></conditions></line><line number="124" hits="1160" branch="true" condition-coverage="66% (4/6)"><conditions><condition number="0" type="jump" coverage="66%"/></conditions></line><line number="125" hits="1112" branch="true" condition-coverage="66% (4/6)"><conditions><condition number="0" type="jump" coverage="66%"/></conditions></line><line number="126" hits="1064" branch="true" condition-coverage="66% (4/6)"><conditions><condition number="0" type="jump" coverage="66%"/></conditions></line><line number="127" hits="1016" branch="true" condition-coverage="66% (4/6)"><conditions><condition number="0" type="jump" coverage="66%"/></conditions></line><line number="128" hits="964" branch="true" condition-coverage="66% (4/6)"><conditions><condition number="0" type="jump" coverage="66%"/></conditions></line><line number="129" hits="916" branch="true" condition-coverage="66% (4/6)"><conditions><condition number="0" type="jump" coverage="66%"/></conditions></line><line number="130" hits="868" branch="true" condition-coverage="66% (4/6)"><conditions><condition number="0" type="jump" coverage="66%"/></conditions></line><line number="131" hits="864" branch="true" condition-coverage="66% (4/6)"><conditions><condition number="0" type="jump" coverage="66%"/></conditions></line><line number="132" hits="816" branch="true" condition-coverage="66% (4/6)"><conditions><condition number="0" type="jump" coverage="66%"/></conditions></line><line number="133" hits="768" branch="true" condition-coverage="66% (4/6)"><conditions><condition number="0" type="jump" coverage="66%"/></conditions></line><line number="134" hits="720" branch="true" condition-coverage="66% (4/6)"><conditions><condition number="0" type="jump" coverage="66%"/></conditions></line><line number="135" hits="672" branch="true" condition-coverage="66% (4/6)"><conditions><condition number="0" type="jump" coverage="66%"/></conditions></line><line number="136" hits="624" branch="true" condition-coverage="66% (4/6)"><conditions><condition number="0" type="jump" coverage="66%"/></conditions></line><line number="137" hits="576" branch="true" condition-coverage="66% (4/6)"><conditions><condition number="0" type="jump" coverage="66%"/></conditions></line><line number="138" hits="528" branch="true" condition-coverage="66% (4/6)"><conditions><condition number="0" type="jump" coverage="66%"/></conditions></line><line number="139" hits="480" branch="true" condition-coverage="66% (4/6)"><conditions><condition number="0" type="jump" coverage="66%"/></conditions></line><line number="140" hits="432" branch="true" condition-coverage="66% (4/6)"><conditions><condition number="0" type="jump" coverage="66%"/></conditions></line><line number="141" hits="384" branch="true" condition-coverage="66% (4/6)"><conditions><condition number="0" type="jump" coverage="66%"/></conditions></line><line number="142" hits="336" branch="true" condition-coverage="66% (4/6)"><conditions><condition number="0" type="jump" coverage="66%"/></conditions></line><line number="143" hits="288" branch="true" condition-coverage="66% (4/6)"><conditions><condition number="0" type="jump" coverage="66%"/></conditions></line><line number="144" hits="240" branch="true" condition-coverage="66% (4/6)"><conditions><condition number="0" type="jump" coverage="66%"/></conditions></line><line number="145" hits="192" branch="true" condition-coverage="66% (4/6)"><conditions><condition number="0" type="jump" coverage="66%"/></conditions></line><line number="146" hits="144" branch="true" condition-coverage="66% (4/6)"><conditions><condition number="0" type="jump" coverage="66%"/></conditions></line><line number="147" hits="96" branch="true" condition-coverage="66% (4/6)"><conditions><condition number="0" type="jump" coverage="66%"/></conditions></line><line number="148" hits="48" branch="true" condition-coverage="50% (3/6)"><conditions><condition number="0" type="jump" coverage="50%"/></conditions></line><line number="149" hits="0" branch="true" condition-coverage="0% (0/2)"><conditions><condition number="0" type="jump" coverage="0%"/></conditions></line><line number="151" hits="3964" branch="false"/><line number="152" hits="3964" branch="false"/></lines></method><method name="Config::LoadPresets" signature="()" line-rate="0.9946996466431095" branch-rate="0.5396825396825397" complexity="0.0"><lines><line number="154" hits="84" branch="false"/><line number="155" hits="84" branch="false"/><line number="158" hits="168" branch="true" condition-coverage="50% (3/6)"><conditions><condition number="0" type="jump" coverage="50%"/></conditions></line><line number="162" hits="84" branch="true" condition-coverage="50% (2/4)"><conditions><condition number="0" type="jump" coverage="50%"/></conditions></line><line number="163" hits="84" branch="false"/><line number="164" hits="84" branch="false"/><line number="165" hits="84" branch="false"/><line number="166" hits="84" branch="false"/><line number="167" hits="84" branch="false"/><line number="168" hits="84" branch="false"/><line number="169" hits="84" branch="false"/><line number="170" hits="84" branch="false"/><line number="171" hits="84" branch="false"/><line number="172" hits="84" branch="false"/><line number="173" hits="84" branch="false"/><line number="174" hits="84" branch="false"/><line number="175" hits="84" branch="false"/><line number="176" hits="84" branch="false"/><line number="177" hits="84" branch="false"/><line number="178" hits="84" branch="false"/><line number="179" hits="84" branch="false"/><line number="180" hits="84" branch="false"/><line number="181" hits="84" branch="false"/><line number="182" hits="84" branch="false"/><line number="183" hits="84" branch="false"/><line number="184" hits="84" branch="false"/><line number="185" hits="84" branch="false"/><line number="186" hits="84" branch="false"/><line number="187" hits="84" branch="false"/><line number="188" hits="84" branch="false"/><line number="189" hits="84" branch="false"/><line number="190" hits="84" branch="false"/><line number="191" hits="84" branch="false"/><line number="192" hits="84" branch="false"/><line number="193" hits="84" branch="false"/><line number="194" hits="84" branch="false"/><line number="195" hits="84" branch="false"/><line number="196" hits="84" branch="false"/><line number="197" hits="84" branch="false"/><line number="198" hits="84" branch="false"/><line number="199" hits="84" branch="false"/><line number="200" hits="84" branch="false"/><line number="201" hits="84" branch="false"/><line number="202" hits="84" branch="false"/><line number="203" hits="84" branch="false"/><line number="204" hits="84" branch="false"/><line number="205" hits="84" branch="false"/><line number="206" hits="84" branch="false"/><line number="207" hits="84" branch="false"/><line number="208" hits="84" branch="false"/><line number="209" hits="84" branch="false"/><line number="210" hits="84" branch="false"/><line number="211" hits="84" branch="false"/><line number="212" hits="84" branch="false"/><line number="213" hits="84" branch="false"/><line number="214" hits="84" branch="false"/><line number="215" hits="84" branch="false"/><line number="216" hits="84" branch="false"/><line number="217" hits="84" branch="false"/><line number="218" hits="84" branch="false"/><line number="219" hits="84" branch="false"/><line number="220" hits="84" branch="true" condition-coverage="50% (1/2)"><conditions><condition number="0" type="jump" coverage="50%"/></conditions></line><line number="221" hits="84" branch="false"/><line number="225" hits="84" branch="true" condition-coverage="50% (2/4)"><conditions><condition number="0" type="jump" coverage="50%"/></conditions></line><line number="226" hits="84" branch="false"/><line number="227" hits="84" branch="false"/><line number="228" hits="84" branch="false"/><line number="229" hits="84" branch="false"/><line number="230" hits="84" branch="false"/><line number="231" hits="84" branch="false"/><line number="232" hits="84" branch="false"/><line number="233" hits="84" branch="false"/><line number="234" hits="84" branch="false"/><line number="235" hits="84" branch="false"/><line number="236" hits="84" branch="false"/><line number="237" hits="84" branch="false"/><line number="238" hits="84" branch="false"/><line number="239" hits="84" branch="false"/><line number="240" hits="84" branch="false"/><line number="241" hits="84" branch="false"/><line number="242" hits="84" branch="false"/><line number="243" hits="84" branch="false"/><line number="244" hits="84" branch="false"/><line number="245" hits="84" branch="false"/><line number="246" hits="84" branch="false"/><line number="247" hits="84" branch="false"/><line number="248" hits="84" branch="false"/><line number="249" hits="84" branch="false"/><line number="250" hits="84" branch="false"/><line number="251" hits="84" branch="false"/><line number="252" hits="84" branch="false"/><line number="253" hits="84" branch="false"/><line number="254" hits="84" branch="false"/><line number="255" hits="84" branch="false"/><line number="256" hits="84" branch="false"/><line number="257" hits="84" branch="false"/><line number="258" hits="84" branch="false"/><line number="259" hits="84" branch="false"/><line number="260" hits="84" branch="false"/><line number="261" hits="84" branch="false"/><line number="262" hits="84" branch="false"/><line number="263" hits="84" branch="false"/><line number="264" hits="84" branch="false"/><line number="265" hits="84" branch="false"/><line number="266" hits="84" branch="false"/><line number="267" hits="84" branch="false"/><line number="268" hits="84" branch="false"/><line number="269" hits="84" branch="false"/><line number="270" hits="84" branch="false"/><line number="271" hits="84" branch="false"/><line number="272" hits="84" branch="false"/><line number="273" hits="84" branch="false"/><line number="274" hits="84" branch="false"/><line number="275" hits="84" branch="false"/><line number="276" hits="84" branch="false"/><line number="277" hits="84" branch="false"/><line number="278" hits="84" branch="false"/><line number="279" hits="84" branch="false"/><line number="280" hits="84" branch="false"/><line number="281" hits="84" branch="false"/><line number="282" hits="84" branch="true" condition-coverage="50% (1/2)"><conditions><condition number="0" type="jump" coverage="50%"/></conditions></line><line number="283" hits="84" branch="false"/><line number="287" hits="84" branch="true" condition-coverage="50% (2/4)"><conditions><condition number="0" type="jump" coverage="50%"/></conditions></line><line number="288" hits="84" branch="false"/><line number="289" hits="84" branch="false"/><line number="290" hits="84" branch="false"/><line number="291" hits="84" branch="false"/><line number="292" hits="84" branch="false"/><line number="293" hits="84" branch="false"/><line number="294" hits="84" branch="false"/><line number="295" hits="84" branch="false"/><line number="296" hits="84" branch="false"/><line number="297" hits="84" branch="false"/><line number="298" hits="84" branch="false"/><line number="299" hits="84" branch="false"/><line number="300" hits="84" branch="false"/><line number="301" hits="84" branch="false"/><line number="302" hits="84" branch="false"/><line number="303" hits="84" branch="false"/><line number="304" hits="84" branch="false"/><line number="305" hits="84" branch="false"/><line number="306" hits="84" branch="false"/><line number="307" hits="84" branch="false"/><line number="308" hits="84" branch="false"/><line number="309" hits="84" branch="false"/><line number="310" hits="84" branch="false"/><line number="311" hits="84" branch="false"/><line number="312" hits="84" branch="false"/><line number="313" hits="84" branch="false"/><line number="314" hits="84" branch="false"/><line number="315" hits="84" branch="false"/><line number="316" hits="84" branch="false"/><line number="317" hits="84" branch="false"/><line number="318" hits="84" branch="false"/><line number="319" hits="84" branch="false"/><line number="320" hits="84" branch="false"/><line number="321" hits="84" branch="false"/><line number="322" hits="84" branch="false"/><line number="323" hits="84" branch="false"/><line number="324" hits="84" branch="false"/><line number="325" hits="84" branch="false"/><line number="326" hits="84" branch="false"/><line number="327" hits="84" branch="false"/><line number="328" hits="84" branch="false"/><line number="329" hits="84" branch="false"/><line number="330" hits="84" branch="false"/><line number="331" hits="84" branch="false"/><line number="332" hits="84" branch="false"/><line number="333" hits="84" branch="false"/><line number="334" hits="84" branch="false"/><line number="335" hits="84" branch="false"/><line number="336" hits="84" branch="false"/><line number="337" hits="84" branch="false"/><line number="338" hits="84" branch="false"/><line number="339" hits="84" branch="false"/><line number="340" hits="84" branch="false"/><line number="341" hits="84" branch="false"/><line number="342" hits="84" branch="false"/><line number="343" hits="84" branch="false"/><line number="344" hits="84" branch="true" condition-coverage="50% (1/2)"><conditions><condition number="0" type="jump" coverage="50%"/></conditions></line><line number="345" hits="84" branch="false"/><line number="349" hits="84" branch="true" condition-coverage="50% (2/4)"><conditions><condition number="0" type="jump" coverage="50%"/></conditions></line><line number="350" hits="84" branch="false"/><line number="351" hits="84" branch="false"/><line number="352" hits="84" branch="false"/><line number="353" hits="84" branch="false"/><line number="354" hits="84" branch="false"/><line number="355" hits="84" branch="false"/><line number="356" hits="84" branch="false"/><line number="357" hits="84" branch="false"/><line number="358" hits="84" branch="false"/><line number="359" hits="84" branch="false"/><line number="360" hits="84" branch="false"/><line number="361" hits="84" branch="false"/><line number="362" hits="84" branch="false"/><line number="363" hits="84" branch="false"/><line number="364" hits="84" branch="false"/><line number="365" hits="84" branch="false"/><line number="366" hits="84" branch="false"/><line number="367" hits="84" branch="false"/><line number="368" hits="84" branch="false"/><line number="369" hits="84" branch="false"/><line number="370" hits="84" branch="false"/><line number="371" hits="84" branch="false"/><line number="372" hits="84" branch="false"/><line number="373" hits="84" branch="false"/><line number="374" hits="84" branch="false"/><line number="375" hits="84" branch="false"/><line number="376" hits="84" branch="false"/><line number="377" hits="84" branch="false"/><line number="378" hits="84" branch="false"/><line number="379" hits="84" branch="false"/><line number="380" hits="84" branch="false"/><line number="381" hits="84" branch="false"/><line number="382" hits="84" branch="false"/><line number="383" hits="84" branch="false"/><line number="384" hits="84" branch="false"/><line number="385" hits="84" branch="false"/><line number="386" hits="84" branch="false"/><line number="387" hits="84" branch="false"/><line number="388" hits="84" branch="false"/><line number="389" hits="84" branch="false"/><line number="390" hits="84" branch="false"/><line number="391" hits="84" branch="false"/><line number="392" hits="84" branch="false"/><line number="393" hits="84" branch="false"/><line number="394" hits="84" branch="false"/><line number="395" hits="84" branch="false"/><line number="396" hits="84" branch="false"/><line number="397" hits="84" branch="false"/><line number="398" hits="84" branch="false"/><line number="399" hits="84" branch="false"/><line number="400" hits="84" branch="false"/><line number="401" hits="84" branch="false"/><line number="402" hits="84" branch="false"/><line number="403" hits="84" branch="false"/><line number="404" hits="84" branch="false"/><line number="405" hits="84" branch="false"/><line number="406" hits="84" branch="true" condition-coverage="50% (1/2)"><conditions><condition number="0" type="jump" coverage="50%"/></conditions></line><line number="407" hits="84" branch="false"/><line number="412" hits="84" branch="true" condition-coverage="50% (2/4)"><conditions><condition number="0" type="jump" coverage="50%"/></conditions></line><line number="413" hits="84" branch="false"/><line number="414" hits="84" branch="false"/><line number="415" hits="84" branch="false"/><line number="416" hits="84" branch="false"/><line number="417" hits="84" branch="false"/><line number="418" hits="84" branch="false"/><line number="419" hits="84" branch="false"/><line number="420" hits="84" branch="false"/><line number="421" hits="84" branch="false"/><line number="422" hits="84" branch="false"/><line number="423" hits="84" branch="false"/><line number="424" hits="84" branch="false"/><line number="425" hits="84" branch="false"/><line number="426" hits="84" branch="false"/><line number="427" hits="84" branch="false"/><line number="428" hits="84" branch="false"/><line number="429" hits="84" branch="false"/><line number="430" hits="84" branch="false"/><line number="431" hits="84" branch="false"/><line number="432" hits="84" branch="false"/><line number="433" hits="84" branch="false"/><line number="434" hits="84" branch="false"/><line number="435" hits="84" branch="false"/><line number="436" hits="84" branch="false"/><line number="437" hits="84" branch="false"/><line number="438" hits="84" branch="false"/><line number="439" hits="84" branch="false"/><line number="440" hits="84" branch="false"/><line number="441" hits="84" branch="false"/><line number="442" hits="84" branch="false"/><line number="443" hits="84" branch="false"/><line number="444" hits="84" branch="false"/><line number="445" hits="84" branch="false"/><line number="446" hits="84" branch="false"/><line number="447" hits="84" branch="false"/><line number="448" hits="84" branch="false"/><line number="449" hits="84" branch="false"/><line number="450" hits="84" branch="false"/><line number="451" hits="84" branch="false"/><line number="452" hits="84" branch="false"/><line number="453" hits="84" branch="false"/><line number="454" hits="84" branch="false"/><line number="455" hits="84" branch="false"/><line number="456" hits="84" branch="false"/><line number="457" hits="84" branch="false"/><line number="458" hits="84" branch="false"/><line number="459" hits="84" branch="false"/><line number="460" hits="84" branch="false"/><line number="461" hits="84" branch="false"/><line number="462" hits="84" branch="false"/><line number="463" hits="84" branch="false"/><line number="464" hits="84" branch="false"/><line number="465" hits="84" branch="false"/><line number="466" hits="84" branch="false"/><line number="467" hits="84" branch="false"/><line number="468" hits="84" branch="false"/><line number="469" hits="84" branch="true" condition-coverage="50% (1/2)"><conditions><condition number="0" type="jump" coverage="50%"/></conditions></line><line number="470" hits="84" branch="false"/><line number="473" hits="252" branch="true" condition-coverage="50% (3/6)"><conditions><condition number="0" type="jump" coverage="50%"/></conditions></line><line number="474" hits="84" branch="false"/><line number="475" hits="84" branch="false"/><line number="476" hits="84" branch="false"/><line number="477" hits="84" branch="false"/><line number="478" hits="84" branch="false"/><line number="479" hits="84" branch="false"/><line number="480" hits="84" branch="false"/><line number="484" hits="252" branch="true" condition-coverage="50% (3/6)"><conditions><condition number="0" type="jump" coverage="50%"/></conditions></line><line number="485" hits="84" branch="false"/><line number="486" hits="84" branch="false"/><line number="487" hits="84" branch="false"/><line number="488" hits="84" branch="false"/><line number="489" hits="84" branch="false"/><line number="490" hits="84" branch="false"/><line number="491" hits="84" branch="false"/><line number="492" hits="84" branch="false"/><line number="493" hits="84" branch="false"/><line number="497" hits="252" branch="true" condition-coverage="50% (3/6)"><conditions><condition number="0" type="jump" coverage="50%"/></conditions></line><line number="499" hits="84" branch="false"/><line number="502" hits="84" branch="false"/><line number="503" hits="84" branch="false"/><line number="504" hits="84" branch="false"/><line number="505" hits="84" branch="false"/><line number="506" hits="84" branch="false"/><line number="507" hits="84" branch="false"/><line number="510" hits="84" branch="false"/><line number="511" hits="84" branch="false"/><line number="512" hits="84" branch="false"/><line number="513" hits="84" branch="false"/><line number="514" hits="84" branch="false"/><line number="515" hits="84" branch="false"/><line number="518" hits="84" branch="false"/><line number="519" hits="84" branch="false"/><line number="522" hits="84" branch="false"/><line number="523" hits="84" branch="false"/><line number="524" hits="84" branch="false"/><line number="528" hits="252" branch="true" condition-coverage="50% (3/6)"><conditions><condition number="0" type="jump" coverage="50%"/></conditions></line><line number="530" hits="84" branch="false"/><line number="531" hits="84" branch="false"/><line number="532" hits="84" branch="false"/><line number="535" hits="84" branch="false"/><line number="536" hits="84" branch="false"/><line number="537" hits="84" branch="false"/><line number="538" hits="84" branch="false"/><line number="539" hits="84" branch="false"/><line number="540" hits="84" branch="false"/><line number="543" hits="84" branch="false"/><line number="544" hits="84" branch="false"/><line number="545" hits="84" branch="false"/><line number="546" hits="84" branch="false"/><line number="547" hits="84" branch="false"/><line number="548" hits="84" branch="false"/><line number="551" hits="84" branch="false"/><line number="552" hits="84" branch="false"/><line number="555" hits="84" branch="false"/><line number="559" hits="252" branch="true" condition-coverage="50% (3/6)"><conditions><condition number="0" type="jump" coverage="50%"/></conditions></line><line number="560" hits="84" branch="false"/><line number="561" hits="84" branch="false"/><line number="562" hits="84" branch="false"/><line number="563" hits="84" branch="false"/><line number="564" hits="84" branch="false"/><line number="565" hits="84" branch="false"/><line number="566" hits="84" branch="false"/><line number="567" hits="84" branch="false"/><line number="568" hits="84" branch="false"/><line number="569" hits="84" branch="false"/><line number="570" hits="84" branch="false"/><line number="574" hits="252" branch="true" condition-coverage="50% (3/6)"><conditions><condition number="0" type="jump" coverage="50%"/></conditions></line><line number="575" hits="84" branch="false"/><line number="576" hits="84" branch="false"/><line number="577" hits="84" branch="false"/><line number="578" hits="84" branch="false"/><line number="579" hits="84" branch="false"/><line number="580" hits="84" branch="false"/><line number="581" hits="84" branch="false"/><line number="582" hits="84" branch="false"/><line number="586" hits="252" branch="true" condition-coverage="50% (3/6)"><conditions><condition number="0" type="jump" coverage="50%"/></conditions></line><line number="587" hits="84" branch="false"/><line number="588" hits="84" branch="false"/><line number="589" hits="84" branch="false"/><line number="590" hits="84" branch="false"/><line number="591" hits="84" branch="false"/><line number="592" hits="84" branch="false"/><line number="593" hits="84" branch="false"/><line number="594" hits="84" branch="false"/><line number="595" hits="84" branch="false"/><line number="599" hits="252" branch="true" condition-coverage="50% (3/6)"><conditions><condition number="0" type="jump" coverage="50%"/></conditions></line><line number="600" hits="84" branch="false"/><line number="601" hits="84" branch="false"/><line number="602" hits="84" branch="false"/><line number="603" hits="84" branch="false"/><line number="604" hits="84" branch="false"/><line number="605" hits="84" branch="false"/><line number="606" hits="84" branch="false"/><line number="607" hits="84" branch="false"/><line number="611" hits="252" branch="true" condition-coverage="50% (3/6)"><conditions><condition number="0" type="jump" coverage="50%"/></conditions></line><line number="612" hits="84" branch="false"/><line number="613" hits="84" branch="false"/><line number="614" hits="84" branch="false"/><line number="615" hits="84" branch="false"/><line number="616" hits="84" branch="false"/><line number="617" hits="84" branch="false"/><line number="618" hits="84" branch="false"/><line number="619" hits="84" branch="false"/><line number="625" hits="252" branch="true" condition-coverage="50% (3/6)"><conditions><condition number="0" type="jump" coverage="50%"/></conditions></line><line number="626" hits="84" branch="false"/><line number="627" hits="84" branch="false"/><line number="628" hits="84" branch="false"/><line number="629" hits="84" branch="false"/><line number="630" hits="84" branch="false"/><line number="631" hits="84" branch="false"/><line number="632" hits="84" branch="false"/><line number="633" hits="84" branch="false"/><line number="634" hits="84" branch="false"/><line number="635" hits="84" branch="false"/><line number="636" hits="84" branch="false"/><line number="637" hits="84" branch="false"/><line number="638" hits="84" branch="false"/><line number="639" hits="84" branch="false"/><line number="640" hits="84" branch="false"/><line number="644" hits="252" branch="true" condition-coverage="50% (3/6)"><conditions><condition number="0" type="jump" coverage="50%"/></conditions></line><line number="645" hits="84" branch="false"/><line number="646" hits="84" branch="false"/><line number="647" hits="84" branch="false"/><line number="648" hits="84" branch="false"/><line number="649" hits="84" branch="false"/><line number="650" hits="84" branch="false"/><line number="651" hits="84" branch="false"/><line number="652" hits="84" branch="false"/><line number="653" hits="84" branch="false"/><line number="654" hits="84" branch="false"/><line number="655" hits="84" branch="false"/><line number="656" hits="84" branch="false"/><line number="657" hits="84" branch="false"/><line number="658" hits="84" branch="false"/><line number="659" hits="84" branch="false"/><line number="660" hits="84" branch="false"/><line number="664" hits="252" branch="true" condition-coverage="50% (3/6)"><conditions><condition number="0" type="jump" coverage="50%"/></conditions></line><line number="665" hits="84" branch="false"/><line number="666" hits="84" branch="false"/><line number="667" hits="84" branch="false"/><line number="668" hits="84" branch="false"/><line number="669" hits="84" branch="false"/><line number="670" hits="84" branch="false"/><line number="671" hits="84" branch="false"/><line number="672" hits="84" branch="false"/><line number="673" hits="84" branch="false"/><line number="674" hits="84" branch="false"/><line number="675" hits="84" branch="false"/><line number="676" hits="84" branch="false"/><line number="677" hits="84" branch="false"/><line number="681" hits="252" branch="true" condition-coverage="50% (3/6)"><conditions><condition number="0" type="jump" coverage="50%"/></conditions></line><line number="682" hits="84" branch="false"/><line number="683" hits="84" branch="false"/><line number="684" hits="84" branch="false"/><line number="685" hits="84" branch="false"/><line number="686" hits="84" branch="false"/><line number="687" hits="84" branch="false"/><line number="688" hits="84" branch="false"/><line number="689" hits="84" branch="false"/><line number="690" hits="84" branch="false"/><line number="691" hits="84" branch="false"/><line number="692" hits="84" branch="false"/><line number="693" hits="84" branch="false"/><line number="694" hits="84" branch="false"/><line number="698" hits="252" branch="true" condition-coverage="50% (3/6)"><conditions><condition number="0" type="jump" coverage="50%"/></conditions></line><line number="699" hits="84" branch="false"/><line number="700" hits="84" branch="false"/><line number="701" hits="84" branch="false"/><line number="702" hits="84" branch="false"/><line number="703" hits="84" branch="false"/><line number="704" hits="84" branch="false"/><line number="705" hits="84" branch="false"/><line number="706" hits="84" branch="false"/><line number="707" hits="84" branch="false"/><line number="708" hits="84" branch="false"/><line number="709" hits="84" branch="false"/><line number="710" hits="84" branch="false"/><line number="711" hits="84" branch="false"/><line number="715" hits="252" branch="true" condition-coverage="50% (3/6)"><conditions><condition number="0" type="jump" coverage="50%"/></conditions></line><line number="716" hits="84" branch="false"/><line number="717" hits="84" branch="false"/><line number="718" hits="84" branch="false"/><line number="719" hits="84" branch="false"/><line number="720" hits="84" branch="false"/><line number="721" hits="84" branch="false"/><line number="722" hits="84" branch="false"/><line number="723" hits="84" branch="false"/><line number="724" hits="84" branch="false"/><line number="725" hits="84" branch="false"/><line number="726" hits="84" branch="false"/><line number="727" hits="84" branch="false"/><line number="728" hits="84" branch="false"/><line number="729" hits="84" branch="false"/><line number="730" hits="84" branch="false"/><line number="734" hits="168" branch="true" condition-coverage="50% (3/6)"><conditions><condition number="0" type="jump" coverage="50%"/></conditions></line><line number="735" hits="84" branch="false"/><line number="736" hits="84" branch="false"/><line number="737" hits="84" branch="false"/><line number="738" hits="84" branch="false"/><line number="739" hits="84" branch="false"/><line number="740" hits="84" branch="false"/><line number="741" hits="84" branch="false"/><line number="742" hits="84" branch="false"/><line number="743" hits="84" branch="false"/><line number="744" hits="84" branch="false"/><line number="745" hits="84" branch="false"/><line number="746" hits="84" branch="false"/><line number="747" hits="84" branch="false"/><line number="748" hits="84" branch="false"/><line number="749" hits="84" branch="false"/><line number="754" hits="84" branch="true" condition-coverage="50% (1/2)"><conditions><condition number="0" type="jump" coverage="50%"/></conditions></line><line number="755" hits="84" branch="true" condition-coverage="100% (2/2)"><conditions><condition number="0" type="jump" coverage="100%"/></conditions></line><line number="757" hits="64" branch="false"/><line number="758" hits="64" branch="false"/><line number="759" hits="64" branch="false"/><line number="761" hits="64" branch="true" condition-coverage="50% (1/2)"><conditions><condition number="0" type="jump" coverage="50%"/></conditions></line><line number="762" hits="64" branch="true" condition-coverage="50% (1/2)"><conditions><condition number="0" type="jump" coverage="50%"/></conditions></line><line number="763" hits="64" branch="true" condition-coverage="50% (1/2)"><conditions><condition number="0" type="jump" coverage="50%"/></conditions></line><line number="764" hits="64" branch="false"/><line number="766" hits="9168" branch="true" condition-coverage="66% (4/6)"><conditions><condition number="0" type="jump" coverage="66%"/></conditions></line><line number="768" hits="9104" branch="true" condition-coverage="50% (1/2)"><conditions><condition number="0" type="jump" coverage="50%"/></conditions></line><line number="769" hits="9104" branch="true" condition-coverage="50% (1/2)"><conditions><condition number="0" type="jump" coverage="50%"/></conditions></line><line number="771" hits="9104" branch="true" condition-coverage="87% (7/8)"><conditions><condition number="0" type="jump" coverage="87%"/></conditions></line><line number="773" hits="8308" branch="true" condition-coverage="75% (3/4)"><conditions><condition number="0" type="jump" coverage="75%"/></conditions></line><line number="774" hits="168" branch="true" condition-coverage="83% (5/6)"><conditions><condition number="0" type="jump" coverage="83%"/></conditions></line><line number="775" hits="8" branch="true" condition-coverage="50% (1/2)"><conditions><condition number="0" type="jump" coverage="50%"/></conditions></line><line number="776" hits="8" branch="false"/><line number="779" hits="8" branch="true" condition-coverage="50% (1/2)"><conditions><condition number="0" type="jump" coverage="50%"/></conditions></line><line number="780" hits="0" branch="true" condition-coverage="0% (0/2)"><conditions><condition number="0" type="jump" coverage="0%"/></conditions></line><line number="781" hits="0" branch="false"/><line number="782" hits="0" branch="true" condition-coverage="0% (0/10)"><conditions><condition number="0" type="jump" coverage="0%"/></conditions></line><line number="784" hits="8" branch="true" condition-coverage="50% (1/2)"><conditions><condition number="0" type="jump" coverage="50%"/></conditions></line><line number="787" hits="8" branch="true" condition-coverage="50% (1/2)"><conditions><condition number="0" type="jump" coverage="50%"/></conditions></line><line number="788" hits="8" branch="true" condition-coverage="50% (1/2)"><conditions><condition number="0" type="jump" coverage="50%"/></conditions></line><line number="789" hits="8" branch="false"/><line number="792" hits="168" branch="true" condition-coverage="75% (3/4)"><conditions><condition number="0" type="jump" coverage="75%"/></conditions></line><line number="793" hits="56" branch="false"/><line number="794" hits="112" branch="true" condition-coverage="75% (3/4)"><conditions><condition number="0" type="jump" coverage="75%"/></conditions></line><line number="795" hits="68" branch="false"/><line number="796" hits="68" branch="false"/><line number="797" hits="68" branch="true" condition-coverage="50% (1/2)"><conditions><condition number="0" type="jump" coverage="50%"/></conditions></line><line number="798" hits="68" branch="true" condition-coverage="50% (1/2)"><conditions><condition number="0" type="jump" coverage="50%"/></conditions></line><line number="799" hits="68" branch="true" condition-coverage="50% (2/4)"><conditions><condition number="0" type="jump" coverage="50%"/></conditions></line><line number="800" hits="68" branch="false"/><line number="801" hits="68" branch="true" condition-coverage="50% (1/2)"><conditions><condition number="0" type="jump" coverage="50%"/></conditions></line><line number="804" hits="44" branch="false"/><line number="806" hits="168" branch="false"/><line number="807" hits="168" branch="false"/><line number="809" hits="8140" branch="true" condition-coverage="100% (2/2)"><conditions><condition number="0" type="jump" coverage="100%"/></conditions></line><line number="810" hits="3964" branch="true" condition-coverage="50% (1/2)"><conditions><condition number="0" type="jump" coverage="50%"/></conditions></line><line number="814" hits="64" branch="true" condition-coverage="83% (5/6)"><conditions><condition number="0" type="jump" coverage="83%"/></conditions></line><line number="815" hits="60" branch="true" condition-coverage="50% (1/2)"><conditions><condition number="0" type="jump" coverage="50%"/></conditions></line><line number="816" hits="60" branch="false"/><line number="819" hits="60" branch="true" condition-coverage="100% (2/2)"><conditions><condition number="0" type="jump" coverage="100%"/></conditions></line><line number="820" hits="16" branch="true" condition-coverage="50% (1/2)"><conditions><condition number="0" type="jump" coverage="50%"/></conditions></line><line number="821" hits="16" branch="false"/><line number="822" hits="16" branch="true" condition-coverage="50% (5/10)"><conditions><condition number="0" type="jump" coverage="50%"/></conditions></line><line number="824" hits="44" branch="true" condition-coverage="50% (1/2)"><conditions><condition number="0" type="jump" coverage="50%"/></conditions></line><line number="827" hits="60" branch="true" condition-coverage="50% (1/2)"><conditions><condition number="0" type="jump" coverage="50%"/></conditions></line><line number="828" hits="60" branch="true" condition-coverage="50% (1/2)"><conditions><condition number="0" type="jump" coverage="50%"/></conditions></line><line number="832" hits="64" branch="true" condition-coverage="100% (2/2)"><conditions><condition number="0" type="jump" coverage="100%"/></conditions></line><line number="833" hits="16" branch="true" condition-coverage="50% (1/2)"><conditions><condition number="0" type="jump" coverage="50%"/></conditions></line><line number="840" hits="16" branch="true" condition-coverage="50% (2/4)"><conditions><condition number="0" type="jump" coverage="50%"/></conditions></line><line number="841" hits="16" branch="false"/><line number="842" hits="84" branch="true" condition-coverage="100% (2/2)"><conditions><condition number="0" type="jump" coverage="100%"/></conditions></line></lines></method><method name="Config::ApplyPreset" signature="(int, FFBEngine&amp;)" line-rate="1.0" branch-rate="0.5" complexity="0.0"><lines><line number="844" hits="40" branch="false"/><line number="845" hits="40" branch="true" condition-coverage="50% (3/6)"><conditions><condition number="0" type="jump" coverage="50%"/></conditions></line><line number="846" hits="40" branch="true" condition-coverage="50% (1/2)"><conditions><condition number="0" type="jump" coverage="50%"/></conditions></line><line number="847" hits="40" branch="true" condition-coverage="50% (1/2)"><conditions><condition number="0" type="jump" coverage="50%"/></conditions></line><line number="848" hits="40" branch="true" condition-coverage="50% (1/2)"><conditions><condition number="0" type="jump" coverage="50%"/></conditions></line><line number="849" hits="40" branch="true" condition-coverage="50% (3/6)"><conditions><condition number="0" type="jump" coverage="50%"/></conditions></line><line number="850" hits="40" branch="true" condition-coverage="50% (2/4)"><conditions><condition number="0" type="jump" coverage="50%"/></conditions></line><line number="851" hits="40" branch="false"/><line number="852" hits="40" branch="false"/></lines></method><method name="Config::WritePresetFields" signature="(std::basic_ofstream&lt;char, std::char_traits&lt;char&gt; &gt;&amp;, Preset const&amp;)" line-rate="1.0" branch-rate="0.5" complexity="0.0"><lines><line number="854" hits="156" branch="false"/><line number="855" hits="156" branch="false"/><line number="856" hits="156" branch="true" condition-coverage="50% (1/2)"><conditions><condition number="0" type="jump" coverage="50%"/></conditions></line><line number="857" hits="156" branch="false"/><line number="858" hits="156" branch="false"/><line number="859" hits="156" branch="false"/><line number="860" hits="156" branch="false"/><line number="862" hits="156" branch="false"/><line number="863" hits="156" branch="false"/><line number="864" hits="156" branch="false"/><line number="865" hits="156" branch="false"/><line number="866" hits="156" branch="false"/><line number="867" hits="156" branch="false"/><line number="868" hits="156" branch="false"/><line number="869" hits="156" branch="false"/><line number="870" hits="156" branch="false"/><line number="871" hits="156" branch="false"/><line number="872" hits="156" branch="false"/><line number="873" hits="156" branch="false"/><line number="874" hits="156" branch="false"/><line number="876" hits="156" branch="false"/><line number="877" hits="156" branch="false"/><line number="878" hits="156" branch="false"/><line number="879" hits="156" branch="false"/><line number="880" hits="156" branch="false"/><line number="881" hits="156" branch="false"/><line number="882" hits="156" branch="false"/><line number="883" hits="156" branch="false"/><line number="884" hits="156" branch="false"/><line number="885" hits="156" branch="false"/><line number="886" hits="156" branch="false"/><line number="887" hits="156" branch="false"/><line number="888" hits="156" branch="false"/><line number="889" hits="156" branch="false"/><line number="890" hits="156" branch="false"/><line number="891" hits="156" branch="false"/><line number="892" hits="156" branch="false"/><line number="893" hits="156" branch="false"/><line number="894" hits="156" branch="false
[...]
/conditions></line><line number="161" hits="6" branch="false"/><line number="163" hits="48138" branch="false"/><line number="165" hits="48144" branch="true" condition-coverage="33% (2/6)"><conditions><condition number="0" type="jump" coverage="33%"/></conditions></line><line number="166" hits="48144" branch="false"/><line number="168" hits="19097" branch="false"/><line number="169" hits="19097" branch="true" condition-coverage="50% (1/2)"><conditions><condition number="0" type="jump" coverage="50%"/></conditions></line><line number="170" hits="19097" branch="true" condition-coverage="50% (1/2)"><conditions><condition number="0" type="jump" coverage="50%"/></conditions></line><line number="171" hits="19097" branch="false"/><line number="172" hits="19097" branch="true" condition-coverage="50% (2/4)"><conditions><condition number="0" type="jump" coverage="50%"/></conditions></line><line number="173" hits="19097" branch="true" condition-coverage="33% (2/6)"><conditions><condition number="0" type="jump" coverage="33%"/></conditions></line><line number="175" hits="0" branch="false"/><line number="176" hits="19097" branch="false"/><line number="178" hits="96273" branch="false"/><line number="179" hits="96273" branch="true" condition-coverage="50% (3/6)"><conditions><condition number="0" type="jump" coverage="50%"/></conditions></line><line number="180" hits="96273" branch="false"/><line number="181" hits="96273" branch="false"/><line number="184" hits="96273" branch="false"/><line number="185" hits="48138" branch="false"/><line number="189" hits="5" branch="false"/><line number="192" hits="1" branch="false"/><line number="193" hits="3" branch="false"/><line number="194" hits="3" branch="true" condition-coverage="75% (3/4)"><conditions><condition number="0" type="jump" coverage="75%"/></conditions></line><line number="196" hits="1" branch="false"/><line number="197" hits="1" branch="false"/><line number="199" hits="3" branch="false"/><line number="200" hits="3" branch="true" condition-coverage="50% (1/2)"><conditions><condition number="0" type="jump" coverage="50%"/></conditions></line><line number="201" hits="0" branch="false"/><line number="203" hits="2" branch="false"/><line number="204" hits="2" branch="true" condition-coverage="100% (2/2)"><conditions><condition number="0" type="jump" coverage="100%"/></conditions></line><line number="205" hits="2" branch="true" condition-coverage="100% (2/2)"><conditions><condition number="0" type="jump" coverage="100%"/></conditions></line><line number="206" hits="2" branch="false"/><line number="208" hits="1" branch="false"/><line number="211" hits="2" branch="false"/><line number="212" hits="1" branch="false"/><line number="213" hits="2" branch="false"/><line number="214" hits="2" branch="false"/><line number="215" hits="2" branch="false"/><line number="217" hits="1" branch="false"/><line number="218" hits="1" branch="false"/><line number="219" hits="1" branch="false"/><line number="222" hits="1" branch="false"/><line number="223" hits="1" branch="true" condition-coverage="50% (1/2)"><conditions><condition number="0" type="jump" coverage="50%"/></conditions></line><line number="224" hits="1" branch="false"/><line number="226" hits="1" branch="false"/><line number="227" hits="1" branch="false"/><line number="228" hits="1" branch="false"/><line number="230" hits="3" branch="false"/><line number="232" hits="3" branch="true" condition-coverage="100% (2/2)"><conditions><condition number="0" type="jump" coverage="100%"/></conditions></line><line number="233" hits="1" branch="false"/><line number="234" hits="1" branch="true" condition-coverage="50% (1/2)"><conditions><condition number="0" type="jump" coverage="50%"/></conditions></line><line number="235" hits="1" branch="false"/><line number="237" hits="2" branch="true" condition-coverage="100% (2/2)"><conditions><condition number="0" type="jump" coverage="100%"/></conditions></line><line number="238" hits="1" branch="false"/><line number="239" hits="1" branch="true" condition-coverage="50% (1/2)"><conditions><condition number="0" type="jump" coverage="50%"/></conditions></line><line number="240" hits="1" branch="false"/><line number="242" hits="1" branch="true" condition-coverage="50% (1/2)"><conditions><condition number="0" type="jump" coverage="50%"/></conditions></line><line number="243" hits="1" branch="false"/><line number="244" hits="1" branch="true" condition-coverage="50% (1/2)"><conditions><condition number="0" type="jump" coverage="50%"/></conditions></line><line number="245" hits="1" branch="false"/><line number="247" hits="0" branch="false"/></lines></class><class name="SafeSharedMemoryLock_h" filename="src/lmu_sm_interface/SafeSharedMemoryLock.h" line-rate="0.8666666666666667" branch-rate="0.5" complexity="0.0"><methods><method name="SafeSharedMemoryLock::MakeSafeSharedMemoryLock" signature="()" line-rate="0.8333333333333334" branch-rate="0.5" complexity="0.0"><lines><line number="9" hits="19097" branch="false"/><line number="10" hits="19097" branch="true" condition-coverage="50% (1/2)"><conditions><condition number="0" type="jump" coverage="50%"/></conditions></line><line number="11" hits="19097" branch="true" condition-coverage="50% (1/2)"><conditions><condition number="0" type="jump" coverage="50%"/></conditions></line><line number="12" hits="19097" branch="true" condition-coverage="50% (2/4)"><conditions><condition number="0" type="jump" coverage="50%"/></conditions></line><line number="14" hits="0" branch="false"/><line number="15" hits="19097" branch="false"/></lines></method><method name="SafeSharedMemoryLock::Lock" signature="(unsigned int)" line-rate="1.0" branch-rate="1.0" complexity="0.0"><lines><line number="19" hits="34304" branch="false"/><line number="22" hits="34304" branch="false"/></lines></method><method name="SafeSharedMemoryLock::Unlock" signature="()" line-rate="1.0" branch-rate="1.0" complexity="0.0"><lines><line number="25" hits="34304" branch="false"/><line number="26" hits="34304" branch="false"/><line number="27" hits="34304" branch="false"/></lines></method><method name="SafeSharedMemoryLock::SafeSharedMemoryLock" signature="(SafeSharedMemoryLock&amp;&amp;)" line-rate="1.0" branch-rate="1.0" complexity="0.0"><lines><line number="30" hits="38194" branch="false"/></lines></method><method name="SafeSharedMemoryLock::operator=" signature="(SafeSharedMemoryLock&amp;&amp;)" line-rate="0.0" branch-rate="1.0" complexity="0.0"><lines><line number="31" hits="0" branch="false"/></lines></method><method name="SafeSharedMemoryLock::SafeSharedMemoryLock" signature="(SharedMemoryLock&amp;&amp;)" line-rate="1.0" branch-rate="1.0" complexity="0.0"><lines><line number="35" hits="19097" branch="false"/><line number="36" hits="19097" branch="false"/></lines></method></methods><lines><line number="9" hits="19097" branch="false"/><line number="10" hits="19097" branch="true" condition-coverage="50% (1/2)"><conditions><condition number="0" type="jump" coverage="50%"/></conditions></line><line number="11" hits="19097" branch="true" condition-coverage="50% (1/2)"><conditions><condition number="0" type="jump" coverage="50%"/></conditions></line><line number="12" hits="19097" branch="true" condition-coverage="50% (2/4)"><conditions><condition number="0" type="jump" coverage="50%"/></conditions></line><line number="14" hits="0" branch="false"/><line number="15" hits="19097" branch="false"/><line number="19" hits="34304" branch="false"/><line number="22" hits="34304" branch="false"/><line number="25" hits="34304" branch="false"/><line number="26" hits="34304" branch="false"/><line number="27" hits="34304" branch="false"/><line number="30" hits="38194" branch="false"/><line number="31" hits="0" branch="false"/><line number="35" hits="19097" branch="false"/><line number="36" hits="19097" branch="false"/></lines></class><class name="SharedMemoryInterface_hpp" filename="src/lmu_sm_interface/SharedMemoryInterface.hpp" line-rate="0.64" branch-rate="0.5789473684210527" complexity="0.0"><methods><method name="SharedMemoryLock::MakeSharedMemoryLock" signature="()" line-rate="0.8333333333333334" branch-rate="0.5" complexity="0.0"><lines><line number="96" hits="48138" branch="false"/><line number="97" hits="48138" branch="false"/><line number="98" hits="48138" branch="true" condition-coverage="50% (2/4)"><conditions><condition number="0" type="jump" coverage="50%"/></conditions></line><line number="99" hits="48138" branch="true" condition-coverage="50% (1/2)"><conditions><condition number="0" type="jump" coverage="50%"/></conditions></line><line number="101" hits="0" branch="false"/><line number="102" hits="48138" branch="false"/></lines></method><method name="SharedMemoryLock::Lock" signature="(unsigned int)" line-rate="0.45454545454545453" branch-rate="0.3333333333333333" complexity="0.0"><lines><line number="103" hits="34304" branch="false"/><line number="104" hits="34304" branch="false"/><line number="105" hits="34304" branch="true" condition-coverage="50% (1/2)"><conditions><condition number="0" type="jump" coverage="50%"/></conditions></line><line number="106" hits="34304" branch="true" condition-coverage="50% (1/2)"><conditions><condition number="0" type="jump" coverage="50%"/></conditions></line><line number="107" hits="34304" branch="false"/><line number="108" hits="0" branch="false"/><line number="110" hits="0" branch="false"/><line number="112" hits="0" branch="true" condition-coverage="0% (0/2)"><conditions><condition number="0" type="jump" coverage="0%"/></conditions></line><line number="113" hits="0" branch="false"/><line number="114" hits="0" branch="false"/><line number="116" hits="0" branch="false"/></lines></method><method name="SharedMemoryLock::Unlock" signature="()" line-rate="0.8" branch-rate="0.5" complexity="0.0"><lines><line number="119" hits="34304" branch="false"/><line number="120" hits="34304" branch="false"/><line number="121" hits="34304" branch="true" condition-coverage="50% (1/2)"><conditions><condition number="0" type="jump" coverage="50%"/></conditions></line><line number="122" hits="0" branch="false"/><line number="124" hits="34304" branch="false"/></lines></method><method name="SharedMemoryLock::Reset" signature="()" line-rate="1.0" branch-rate="1.0" complexity="0.0"><lines><line number="125" hits="3" branch="false"/><line number="126" hits="3" branch="false"/><line number="127" hits="3" branch="false"/><line number="128" hits="3" branch="false"/></lines></method><method name="SharedMemoryLock::~SharedMemoryLock" signature="()" line-rate="1.0" branch-rate="1.0" complexity="0.0"><lines><line number="129" hits="240672" branch="false"/><line number="130" hits="240672" branch="true" condition-coverage="100% (2/2)"><conditions><condition number="0" type="jump" coverage="100%"/></conditions></line><line number="131" hits="48138" branch="false"/><line number="132" hits="240672" branch="true" condition-coverage="100% (2/2)"><conditions><condition number="0" type="jump" coverage="100%"/></conditions></line><line number="133" hits="48138" branch="false"/><line number="134" hits="240672" branch="true" condition-coverage="100% (2/2)"><conditions><condition number="0" type="jump" coverage="100%"/></conditions></line><line number="135" hits="48138" branch="false"/><line number="136" hits="240672" branch="false"/></lines></method><method name="SharedMemoryLock::SharedMemoryLock" signature="(SharedMemoryLock&amp;&amp;)" line-rate="1.0" branch-rate="1.0" complexity="0.0"><lines><line number="137" hits="192534" branch="false"/><line number="138" hits="192534" branch="false"/></lines></method><method name="SharedMemoryLock::operator=" signature="(SharedMemoryLock&amp;&amp;)" line-rate="0.0" branch-rate="1.0" complexity="0.0"><lines><line number="139" hits="0" branch="false"/><line number="140" hits="0" branch="false"/><line number="141" hits="0" branch="false"/><line number="142" hits="0" branch="false"/><line number="143" hits="0" branch="false"/></lines></method><method name="SharedMemoryLock::Init" signature="()" line-rate="0.625" branch-rate="0.625" complexity="0.0"><lines><line number="151" hits="48138" branch="false"/><line number="152" hits="48138" branch="false"/><line number="153" hits="48138" branch="true" condition-coverage="50% (1/2)"><conditions><condition number="0" type="jump" coverage="50%"/></conditions></line><line number="154" hits="0" branch="false"/><line number="156" hits="48138" branch="false"/><line number="157" hits="48138" branch="true" condition-coverage="50% (1/2)"><conditions><condition number="0" type="jump" coverage="50%"/></conditions></line><line number="158" hits="0" branch="false"/><line number="159" hits="0" branch="false"/><line number="161" hits="48138" branch="true" condition-coverage="100% (2/2)"><conditions><condition number="0" type="jump" coverage="100%"/></conditions></line><line number="162" hits="3" branch="false"/><line number="164" hits="48138" branch="false"/><line number="165" hits="48138" branch="true" condition-coverage="50% (1/2)"><conditions><condition number="0" type="jump" coverage="50%"/></conditions></line><line number="166" hits="0" branch="false"/><line number="167" hits="0" branch="false"/><line number="168" hits="0" branch="false"/><line number="170" hits="48138" branch="false"/></lines></method><method name="CopySharedMemoryObj" signature="(SharedMemoryObjectOut&amp;, SharedMemoryObjectOut&amp;)" line-rate="0.5555555555555556" branch-rate="0.5" complexity="0.0"><lines><line number="217" hits="34304" branch="false"/><line number="218" hits="34304" branch="false"/><line number="219" hits="34304" branch="true" condition-coverage="50% (1/2)"><conditions><condition number="0" type="jump" coverage="50%"/></conditions></line><line number="220" hits="0" branch="false"/><line number="221" hits="0" branch="false"/><line number="222" hits="0" branch="false"/><line number="223" hits="0" branch="false"/><line number="224" hits="0" branch="false"/><line number="225" hits="0" branch="false"/><line number="226" hits="0" branch="false"/><line number="228" hits="34304" branch="true" condition-coverage="50% (1/2)"><conditions><condition number="0" type="jump" coverage="50%"/></conditions></line><line number="229" hits="34304" branch="false"/><line number="230" hits="34304" branch="false"/><line number="231" hits="34304" branch="false"/><line number="232" hits="34304" branch="false"/><line number="234" hits="34304" branch="true" condition-coverage="50% (3/6)"><conditions><condition number="0" type="jump" coverage="50%"/></conditions></line><line number="235" hits="0" branch="false"/><line number="237" hits="34304" branch="false"/></lines></method></methods><lines><line number="96" hits="48138" branch="false"/><line number="97" hits="48138" branch="false"/><line number="98" hits="48138" branch="true" condition-coverage="50% (2/4)"><conditions><condition number="0" type="jump" coverage="50%"/></conditions></line><line number="99" hits="48138" branch="true" condition-coverage="50% (1/2)"><conditions><condition number="0" type="jump" coverage="50%"/></conditions></line><line number="101" hits="0" branch="false"/><line number="102" hits="48138" branch="false"/><line number="103" hits="34304" branch="false"/><line number="104" hits="34304" branch="false"/><line number="105" hits="34304" branch="true" condition-coverage="50% (1/2)"><conditions><condition number="0" type="jump" coverage="50%"/></conditions></line><line number="106" hits="34304" branch="true" condition-coverage="50% (1/2)"><conditions><condition number="0" type="jump" coverage="50%"/></conditions></line><line number="107" hits="34304" branch="false"/><line number="108" hits="0" branch="false"/><line number="110" hits="0" branch="false"/><line number="112" hits="0" branch="true" condition-coverage="0% (0/2)"><conditions><condition number="0" type="jump" coverage="0%"/></conditions></line><line number="113" hits="0" branch="false"/><line number="114" hits="0" branch="false"/><line number="116" hits="0" branch="false"/><line number="119" hits="34304" branch="false"/><line number="120" hits="34304" branch="false"/><line number="121" hits="34304" branch="true" condition-coverage="50% (1/2)"><conditions><condition number="0" type="jump" coverage="50%"/></conditions></line><line number="122" hits="0" branch="false"/><line number="124" hits="34304" branch="false"/><line number="125" hits="3" branch="false"/><line number="126" hits="3" branch="false"/><line number="127" hits="3" branch="false"/><line number="128" hits="3" branch="false"/><line number="129" hits="240672" branch="false"/><line number="130" hits="240672" branch="true" condition-coverage="100% (2/2)"><conditions><condition number="0" type="jump" coverage="100%"/></conditions></line><line number="131" hits="48138" branch="false"/><line number="132" hits="240672" branch="true" condition-coverage="100% (2/2)"><conditions><condition number="0" type="jump" coverage="100%"/></conditions></line><line number="133" hits="48138" branch="false"/><line number="134" hits="240672" branch="true" condition-coverage="100% (2/2)"><conditions><condition number="0" type="jump" coverage="100%"/></conditions></line><line number="135" hits="48138" branch="false"/><line number="136" hits="240672" branch="false"/><line number="137" hits="192534" branch="false"/><line number="138" hits="192534" branch="false"/><line number="139" hits="0" branch="false"/><line number="140" hits="0" branch="false"/><line number="141" hits="0" branch="false"/><line number="142" hits="0" branch="false"/><line number="143" hits="0" branch="false"/><line number="151" hits="48138" branch="false"/><line number="152" hits="48138" branch="false"/><line number="153" hits="48138" branch="true" condition-coverage="50% (1/2)"><conditions><condition number="0" type="jump" coverage="50%"/></conditions></line><line number="154" hits="0" branch="false"/><line number="156" hits="48138" branch="false"/><line number="157" hits="48138" branch="true" condition-coverage="50% (1/2)"><conditions><condition number="0" type="jump" coverage="50%"/></conditions></line><line number="158" hits="0" branch="false"/><line number="159" hits="0" branch="false"/><line number="161" hits="48138" branch="true" condition-coverage="100% (2/2)"><conditions><condition number="0" type="jump" coverage="100%"/></conditions></line><line number="162" hits="3" branch="false"/><line number="164" hits="48138" branch="false"/><line number="165" hits="48138" branch="true" condition-coverage="50% (1/2)"><conditions><condition number="0" type="jump" coverage="50%"/></conditions></line><line number="166" hits="0" branch="false"/><line number="167" hits="0" branch="false"/><line number="168" hits="0" branch="false"/><line number="170" hits="48138" branch="false"/><line number="217" hits="34304" branch="false"/><line number="218" hits="34304" branch="false"/><line number="219" hits="34304" branch="true" condition-coverage="50% (1/2)"><conditions><condition number="0" type="jump" coverage="50%"/></conditions></line><line number="220" hits="0" branch="false"/><line number="221" hits="0" branch="false"/><line number="222" hits="0" branch="false"/><line number="223" hits="0" branch="false"/><line number="224" hits="0" branch="false"/><line number="225" hits="0" branch="false"/><line number="226" hits="0" branch="false"/><line number="228" hits="34304" branch="true" condition-coverage="50% (1/2)"><conditions><condition number="0" type="jump" coverage="50%"/></conditions></line><line number="229" hits="34304" branch="false"/><line number="230" hits="34304" branch="false"/><line number="231" hits="34304" branch="false"/><line number="232" hits="34304" branch="false"/><line number="234" hits="34304" branch="true" condition-coverage="50% (3/6)"><conditions><condition number="0" type="jump" coverage="50%"/></conditions></line><line number="235" hits="0" branch="false"/><line number="237" hits="34304" branch="false"/></lines></class></classes></package></packages></coverage>