<?xml version='1.0' encoding='utf-8'?>
<!DOCTYPE coverage SYSTEM 'http://cobertura.sourceforge.net/xml/coverage-04.dtd'>
<coverage line-rate="0.8327281529895909" branch-rate="0.46574225122349105" lines-covered="3440" lines-valid="4131" branches-covered="2855" branches-valid="6130" complexity="0.0" timestamp="1772023439" version="gcovr 8.6"><sources><source>/app</source></sources><packages><package name="src" line-rate="0.8283109648012155" branch-rate="0.4621010638297872" complexity="0.0"><classes><class name="AsyncLogger_h" filename="src/AsyncLogger.h" line-rate="0.9594594594594594" branch-rate="0.5985915492957746" complexity="0.0"><methods><method name="AsyncLogger::Get" signature="()" line-rate="1.0" branch-rate="0.5" complexity="0.0"><lines><line number="107" hits="25418" branch="false"/><line number="108" hits="25418" branch="true" condition-coverage="50% (4/8)"><conditions><condition number="0" type="jump" coverage="50%"/></conditions></line><line number="109" hits="25418" branch="false"/></lines></method><method name="AsyncLogger::Start" signature="(SessionInfo const&amp;, std::__cxx11::basic_string&lt;char, std::char_traits&lt;char&gt;, std::allocator&lt;char&gt; &gt; const&amp;)" line-rate="0.9333333333333333" branch-rate="0.48333333333333334" complexity="0.0"><lines><line number="113" hits="14" branch="false"/><line number="114" hits="14" branch="true" condition-coverage="50% (1/2)"><conditions><condition number="0" type="jump" coverage="50%"/></conditions></line><line number="115" hits="14" branch="true" condition-coverage="50% (1/2)"><conditions><condition number="0" type="jump" coverage="50%"/></conditions></line><line number="117" hits="14" branch="true" condition-coverage="50% (1/2)"><conditions><condition number="0" type="jump" coverage="50%"/></conditions></line><line number="118" hits="14" branch="true" condition-coverage="50% (1/2)"><conditions><condition number="0" type="jump" coverage="50%"/></conditions></line><line number="119" hits="14" branch="false"/><line number="120" hits="14" branch="false"/><line number="121" hits="14" branch="false"/><line number="124" hits="14" branch="false"/><line number="125" hits="14" branch="false"/><line number="132" hits="14" branch="false"/><line number="135" hits="14" branch="true" condition-coverage="50% (1/2)"><conditions><condition number="0" type="jump" coverage="50%"/></conditions></line><line number="136" hits="14" branch="true" condition-coverage="50% (1/2)"><conditions><condition number="0" type="jump" coverage="50%"/></conditions></line><line number="137" hits="14" branch="true" condition-coverage="50% (1/2)"><conditions><condition number="0" type="jump" coverage="50%"/></conditions></line><line number="139" hits="14" branch="true" condition-coverage="50% (1/2)"><conditions><condition number="0" type="jump" coverage="50%"/></conditions></line><line number="140" hits="14" branch="true" condition-coverage="50% (1/2)"><conditions><condition number="0" type="jump" coverage="50%"/></conditions></line><line number="142" hits="14" branch="true" condition-coverage="50% (1/2)"><conditions><condition number="0" type="jump" coverage="50%"/></conditions></line><line number="143" hits="14" branch="true" condition-coverage="50% (1/2)"><conditions><condition number="0" type="jump" coverage="50%"/></conditions></line><line number="146" hits="14" branch="true" condition-coverage="50% (2/4)"><conditions><condition number="0" type="jump" coverage="50%"/></conditions></line><line number="147" hits="0" branch="false"/><line number="149" hits="0" branch="true" condition-coverage="0% (0/2)"><conditions><condition number="0" type="jump" coverage="0%"/></conditions></line><line number="151" hits="14" branch="true" condition-coverage="50% (3/6)"><conditions><condition number="0" type="jump" coverage="50%"/></conditions></line><line number="152" hits="14" branch="true" condition-coverage="50% (1/2)"><conditions><condition number="0" type="jump" coverage="50%"/></conditions></line><line number="156" hits="14" branch="true" condition-coverage="50% (7/14)"><conditions><condition number="0" type="jump" coverage="50%"/></conditions></line><line number="159" hits="14" branch="true" condition-coverage="50% (1/2)"><conditions><condition number="0" type="jump" coverage="50%"/></conditions></line><line number="160" hits="14" branch="true" condition-coverage="50% (1/2)"><conditions><condition number="0" type="jump" coverage="50%"/></conditions></line><line number="161" hits="14" branch="true" condition-coverage="50% (1/2)"><conditions><condition number="0" type="jump" coverage="50%"/></conditions></line><line number="162" hits="14" branch="false"/><line number="163" hits="14" branch="true" condition-coverage="50% (1/2)"><conditions><condition number="0" type="jump" coverage="50%"/></conditions></line><line number="165" hits="14" branch="true" condition-coverage="50% (1/2)"><conditions><condition number="0" type="jump" coverage="50%"/></conditions></line></lines></method><method name="AsyncLogger::Stop" signature="()" line-rate="1.0" branch-rate="0.7" complexity="0.0"><lines><line number="168" hits="30" branch="false"/><line number="170" hits="30" branch="true" condition-coverage="50% (1/2)"><conditions><condition number="0" type="jump" coverage="50%"/></conditions></line><line number="171" hits="30" branch="true" condition-coverage="100% (2/2)"><conditions><condition number="0" type="jump" coverage="100%"/></conditions></line><line number="172" hits="14" branch="false"/><line number="173" hits="30" branch="true" condition-coverage="100% (2/2)"><conditions><condition number="0" type="jump" coverage="100%"/></conditions></line><line number="174" hits="14" branch="false"/><line number="175" hits="14" branch="true" condition-coverage="50% (1/2)"><conditions><condition number="0" type="jump" coverage="50%"/></conditions></line><line number="176" hits="14" branch="false"/><line number="178" hits="14" branch="true" condition-coverage="50% (1/2)"><conditions><condition number="0" type="jump" coverage="50%"/></conditions></line><line number="179" hits="14" branch="false"/><line number="181" hits="14" branch="false"/><line number="182" hits="14" branch="false"/></lines></method><method name="AsyncLogger::Log" signature="(LogFrame const&amp;)" line-rate="0.9444444444444444" branch-rate="0.6818181818181818" complexity="0.0"><lines><line number="186" hits="2104" branch="false"/><line number="187" hits="3682" branch="true" condition-coverage="50% (1/2)"><conditions><condition number="0" type="jump" coverage="50%"/></conditions></line><line number="190" hits="2104" branch="true" condition-coverage="87% (7/8)"><conditions><condition number="0" type="jump" coverage="87%"/></conditions></line><line number="191" hits="1578" branch="false"/><line number="193" hits="526" branch="false"/><line number="195" hits="526" branch="false"/><line number="196" hits="526" branch="true" condition-coverage="100% (2/2)"><conditions><condition number="0" type="jump" coverage="100%"/></conditions></line><line number="197" hits="2" branch="false"/><line number="198" hits="2" branch="false"/><line number="201" hits="526" branch="false"/><line number="203" hits="526" branch="true" condition-coverage="50% (1/2)"><conditions><condition number="0" type="jump" coverage="50%"/></conditions></line><line number="204" hits="526" branch="true" condition-coverage="50% (1/2)"><conditions><condition number="0" type="jump" coverage="50%"/></conditions></line><line number="205" hits="526" branch="true" condition-coverage="50% (1/2)"><conditions><condition number="0" type="jump" coverage="50%"/></conditions></line><line number="206" hits="526" branch="false"/><line number="207" hits="526" branch="true" condition-coverage="50% (1/2)"><conditions><condition number="0" type="jump" coverage="50%"/></conditions></line><line number="209" hits="526" branch="false"/><line number="211" hits="526" branch="true" condition-coverage="50% (1/2)"><conditions><condition number="0" type="jump" coverage="50%"/></conditions></line><line number="212" hits="0" branch="false"/></lines></method><method name="AsyncLogger::SetMarker" signature="()" line-rate="1.0" branch-rate="1.0" complexity="0.0"><lines><line number="217" hits="2" branch="false"/></lines></method><method name="AsyncLogger::IsLogging" signature="() const" line-rate="1.0" branch-rate="1.0" complexity="0.0"><lines><line number="220" hits="23256" branch="false"/></lines></method><method name="AsyncLogger::GetFrameCount" signature="() const" line-rate="1.0" branch-rate="1.0" complexity="0.0"><lines><line number="221" hits="8" branch="false"/></lines></method><method name="AsyncLogger::GetFilename[abi:cxx11]" signature="() const" line-rate="1.0" branch-rate="1.0" complexity="0.0"><lines><line number="222" hits="6" branch="false"/></lines></method><method name="AsyncLogger::GetFileSizeBytes" signature="() const" line-rate="0.0" branch-rate="1.0" complexity="0.0"><lines><line number="223" hits="0" branch="false"/></lines></method><method name="AsyncLogger::AsyncLogger" signature="()" line-rate="1.0" branch-rate="1.0" complexity="0.0"><lines><line number="226" hits="2" branch="false"/><line number="227" hits="4" branch="false"/></lines></method><method name="AsyncLogger::~AsyncLogger" signature="()" line-rate="1.0" branch-rate="1.0" complexity="0.0"><lines><line number="228" hits="2" branch="false"/></lines></method><method name="AsyncLogger::WorkerThread" signature="()" line-rate="1.0" branch-rate="0.5" complexity="0.0"><lines><line number="234" hits="14" branch="false"/><line number="236" hits="18" branch="true" condition-coverage="50% (1/2)"><conditions><condition number="0" type="jump" coverage="50%"/></conditions></line></lines></method><method name="AsyncLogger::WorkerThread()::{lambda()#1}::operator()" signature="() const" line-rate="0.8823529411764706" branch-rate="0.75" complexity="0.0"><lines><line number="237" hits="40" branch="true" condition-coverage="83% (5/6)"><conditions><condition number="0" type="jump" coverage="83%"/></conditions></line><line number="240" hits="18" branch="true" condition-coverage="100% (2/2)"><conditions><condition number="0" type="jump" coverage="100%"/></conditions></line><line number="241" hits="8" branch="false"/><line number="245" hits="18" branch="true" condition-coverage="100% (6/6)"><conditions><condition number="0" type="jump" coverage="100%"/></conditions></line><line number="246" hits="10" branch="false"/><line number="249" hits="8" branch="true" condition-coverage="50% (1/2)"><conditions><condition number="0" type="jump" coverage="50%"/></conditions></line><line number="252" hits="350" branch="true" condition-coverage="100% (2/2)"><conditions><condition number="0" type="jump" coverage="100%"/></conditions></line><line number="253" hits="342" branch="true" condition-coverage="50% (1/2)"><conditions><condition number="0" type="jump" coverage="50%"/></conditions></line><line number="255" hits="8" branch="false"/><line number="258" hits="8" branch="false"/><line number="259" hits="8" branch="true" condition-coverage="50% (2/4)"><conditions><condition number="0" type="jump" coverage="50%"/></conditions></line><line number="260" hits="8" branch="true" condition-coverage="50% (1/2)"><conditions><condition number="0" type="jump" coverage="50%"/></conditions></line><line number="261" hits="0" branch="true" condition-coverage="0% (0/2)"><conditions><condition number="0" type="jump" coverage="0%"/></conditions></line><line number="262" hits="0" branch="false"/><line number="265" hits="8" branch="true" condition-coverage="100% (2/2)"><conditions><condition number="0" type="jump" coverage="100%"/></conditions></line><line number="266" hits="22" branch="true" condition-coverage="100% (2/2)"><conditions><condition number="0" type="jump" coverage="100%"/></conditions></line><line number="267" hits="14" branch="false"/></lines></method><method name="AsyncLogger::WriteHeader" signature="(SessionInfo const&amp;)" line-rate="1.0" branch-rate="0.5" complexity="0.0"><lines><line number="269" hits="14" branch="false"/><line number="270" hits="14" branch="false"/><line number="271" hits="14" branch="false"/><line number="272" hits="14" branch="false"/><line number="273" hits="14" branch="false"/><line number="274" hits="14" branch="false"/><line number="275" hits="14" branch="false"/><line number="276" hits="14" branch="false"/><line number="277" hits="14" branch="false"/><line number="278" hits="14" branch="false"/><line number="279" hits="14" branch="false"/><line number="280" hits="14" branch="false"/><line number="281" hits="14" branch="false"/><line number="282" hits="14" branch="false"/><line number="283" hits="14" branch="false"/><line number="284" hits="14" branch="true" condition-coverage="50% (1/2)"><conditions><condition number="0" type="jump" coverage="50%"/></conditions></line><line number="285" hits="14" branch="false"/><line number="286" hits="14" branch="false"/><line number="287" hits="14" branch="false"/><line number="288" hits="14" branch="false"/><line number="289" hits="14" branch="true" condition-coverage="50% (1/2)"><conditions><condition number="0" type="jump" coverage="50%"/></conditions></line><line number="290" hits="14" branch="false"/><line number="298" hits="14" branch="false"/><line number="299" hits="14" branch="false"/></lines></method><method name="AsyncLogger::WriteFrame" signature="(LogFrame const&amp;)" line-rate="1.0" branch-rate="0.75" complexity="0.0"><lines><line number="301" hits="342" branch="false"/><line number="302" hits="342" branch="false"/><line number="303" hits="342" branch="false"/><line number="304" hits="342" branch="false"/><line number="305" hits="342" branch="false"/><line number="307" hits="342" branch="false"/><line number="308" hits="342" branch="false"/><line number="309" hits="342" branch="false"/><line number="310" hits="342" branch="false"/><line number="312" hits="342" branch="false"/><line number="314" hits="342" branch="false"/><line number="315" hits="342" branch="false"/><line number="316" hits="342" branch="false"/><line number="317" hits="342" branch="false"/><line number="318" hits="342" branch="false"/><line number="319" hits="342" branch="false"/><line number="321" hits="342" branch="false"/><line number="322" hits="342" branch="false"/><line number="323" hits="342" branch="true" condition-coverage="75% (3/4)"><conditions><condition number="0" type="jump" coverage="75%"/></conditions></line><line number="326" hits="342" branch="false"/><line number="327" hits="342" branch="false"/></lines></method><method name="AsyncLogger::SanitizeFilename" signature="(std::__cxx11::basic_string&lt;char, std::char_traits&lt;char&gt;, std::allocator&lt;char&gt; &gt; const&amp;)" line-rate="1.0" branch-rate="1.0" complexity="0.0"><lines><line number="329" hits="28" branch="false"/><line number="330" hits="28" branch="false"/><line number="332" hits="28" branch="false"/><line number="333" hits="28" branch="false"/><line number="334" hits="28" branch="false"/><line number="335" hits="28" branch="false"/><line number="336" hits="28" branch="false"/><line number="337" hits="28" branch="false"/><line number="338" hits="28" branch="false"/><line number="339" hits="28" branch="false"/><line number="340" hits="28" branch="false"/><line number="341" hits="28" branch="false"/><line number="342" hits="28" branch="false"/></lines></method></methods><lines><line number="107" hits="25418" branch="false"/><line number="108" hits="25418" branch="true" condition-coverage="50% (4/8)"><conditions><condition number="0" type="jump" coverage="50%"/></conditions></line><line number="109" hits="25418" branch="false"/><line number="113" hits="14" branch="false"/><line number="114" hits="14" branch="true" condition-coverage="50% (1/2)"><conditions><condition number="0" type="jump" coverage="50%"/></conditions></line><line number="115" hits="14" branch="true" condition-coverage="50% (1/2)"><conditions><condition number="0" type="jump" coverage="50%"/></conditions></line><line number="117" hits="14" branch="true" condition-coverage="50% (1/2)"><conditions><condition number="0" type="jump" coverage="50%"/></conditions></line><line number="118" hits="14" branch="true" condition-coverage="50% (1/2)"><conditions><condition number="0" type="jump" coverage="50%"/></conditions></line><line number="119" hits="14" branch="false"/><line number="120" hits="14" branch="false"/><line number="121" hits="14" branch="false"/><line number="124" hits="14" branch="false"/><line number="125" hits="14" branch="false"/><line number="132" hits="14" branch="false"/><line number="135" hits="14" branch="true" condition-coverage="50% (1/2)"><conditions><condition number="0" type="jump" coverage="50%"/></conditions></line><line number="136" hits="14" branch="true" condition-coverage="50% (1/2)"><conditions><condition number="0" type="jump" coverage="50%"/></conditions></line><line number="137" hits="14" branch="true" condition-coverage="50% (1/2)"><conditions><condition number="0" type="jump" coverage="50%"/></conditions></line><line number="139" hits="14" branch="true" condition-coverage="50% (1/2)"><conditions><condition number="0" type="jump" coverage="50%"/></conditions></line><line number="140" hits="14" branch="true" condition-coverage="50% (1/2)"><conditions><condition number="0" type="jump" coverage="50%"/></conditions></line><line number="142" hits="14" branch="true" condition-coverage="50% (1/2)"><conditions><condition number="0" type="jump" coverage="50%"/></conditions></line><line number="143" hits="14" branch="true" condition-coverage="50% (1/2)"><conditions><condition number="0" type="jump" coverage="50%"/></conditions></line><line number="146" hits="14" branch="true" condition-coverage="50% (2/4)"><conditions><condition number="0" type="jump" coverage="50%"/></conditions></line><line number="147" hits="0" branch="false"/><line number="149" hits="0" branch="true" condition-coverage="0% (0/2)"><conditions><condition number="0" type="jump" coverage="0%"/></conditions></line><line number="151" hits="14" branch="true" condition-coverage="50% (3/6)"><conditions><condition number="0" type="jump" coverage="50%"/></conditions></line><line number="152" hits="14" branch="true" condition-coverage="50% (1/2)"><conditions><condition number="0" type="jump" coverage="50%"/></conditions></line><line number="156" hits="14" branch="true" condition-coverage="50% (7/14)"><conditions><condition number="0" type="jump" coverage="50%"/></conditions></line><line number="159" hits="14" branch="true" condition-coverage="50% (1/2)"><conditions><condition number="0" type="jump" coverage="50%"/></conditions></line><line number="160" hits="14" branch="true" condition-coverage="50% (1/2)"><conditions><condition number="0" type="jump" coverage="50%"/></conditions></line><line number="161" hits="14" branch="true" condition-coverage="50% (1/2)"><conditions><condition number="0" type="jump" coverage="50%"/></conditions></line><line number="162" hits="14" branch="false"/><line number="163" hits="14" branch="true" condition-coverage="50% (1/2)"><conditions><condition number="0" type="jump" coverage="50%"/></conditions></line><line number="165" hits="14" branch="true" condition-coverage="50% (1/2)"><conditions><condition number="0" type="jump" coverage="50%"/></conditions></line><line number="168" hits="30" branch="false"/><line number="170" hits="30" branch="true" condition-coverage="50% (1/2)"><conditions><condition number="0" type="jump" coverage="50%"/></conditions></line><line number="171" hits="30" branch="true" condition-coverage="100% (2/2)"><conditions><condition number="0" type="jump" coverage="100%"/></conditions></line><line number="172" hits="14" branch="false"/><line number="173" hits="30" branch="true" condition-coverage="100% (2/2)"><conditions><condition number="0" type="jump" coverage="100%"/></conditions></line><line number="174" hits="14" branch="false"/><line number="175" hits="14" branch="true" condition-coverage="50% (1/2)"><conditions><condition number="0" type="jump" coverage="50%"/></conditions></line><line number="176" hits="14" branch="false"/><line number="178" hits="14" branch="true" condition-coverage="50% (1/2)"><conditions><condition number="0" type="jump" coverage="50%"/></conditions></line><line number="179" hits="14" branch="false"/><line number="181" hits="14" branch="false"/><line number="182" hits="14" branch="false"/><line number="186" hits="2104" branch="false"/><line number="187" hits="3682" branch="true" condition-coverage="50% (1/2)"><conditions><condition number="0" type="jump" coverage="50%"/></conditions></line><line number="190" hits="2104" branch="true" condition-coverage="87% (7/8)"><conditions><condition number="0" type="jump" coverage="87%"/></conditions></line><line number="191" hits="1578" branch="false"/><line number="193" hits="526" branch="false"/><line number="195" hits="526" branch="false"/><line number="196" hits="526" branch="true" condition-coverage="100% (2/2)"><conditions><condition number="0" type="jump" coverage="100%"/></conditions></line><line number="197" hits="2" branch="false"/><line number="198" hits="2" branch="false"/><line number="201" hits="526" branch="false"/><line number="203" hits="526" branch="true" condition-coverage="50% (1/2)"><conditions><condition number="0" type="jump" coverage="50%"/></conditions></line><line number="204" hits="526" branch="true" condition-coverage="50% (1/2)"><conditions><condition number="0" type="jump" coverage="50%"/></conditions></line><line number="205" hits="526" branch="true" condition-coverage="50% (1/2)"><conditions><condition number="0" type="jump" coverage="50%"/></conditions></line><line number="206" hits="526" branch="false"/><line number="207" hits="526" branch="true" condition-coverage="50% (1/2)"><conditions><condition number="0" type="jump" coverage="50%"/></conditions></line><line number="209" hits="526" branch="false"/><line number="211" hits="526" branch="true" condition-coverage="50% (1/2)"><conditions><condition number="0" type="jump" coverage="50%"/></conditions></line><line number="212" hits="0" branch="false"/><line number="217" hits="2" branch="false"/><line number="220" hits="23256" branch="false"/><line number="221" hits="8" branch="false"/><line number="222" hits="6" branch="false"/><line number="223" hits="0" branch="false"/><line number="226" hits="2" branch="false"/><line number="227" hits="4" branch="false"/><line number="228" hits="2" branch="false"/><line number="234" hits="14" branch="false"/><line number="236" hits="18" branch="true" condition-coverage="50% (1/2)"><conditions><condition number="0" type="jump" coverage="50%"/></conditions></line><line number="237" hits="40" branch="true" condition-coverage="83% (5/6)"><conditions><condition number="0" type="jump" coverage="83%"/></conditions></line><line number="240" hits="18" branch="true" condition-coverage="100% (2/2)"><conditions><condition number="0" type="jump" coverage="100%"/></conditions></line><line number="241" hits="8" branch="false"/><line number="245" hits="18" branch="true" condition-coverage="100% (6/6)"><conditions><condition number="0" type="jump" coverage="100%"/></conditions></line><line number="246" hits="10" branch="false"/><line number="249" hits="8" branch="true" condition-coverage="50% (1/2)"><conditions><condition number="0" type="jump" coverage="50%"/></conditions></line><line number="252" hits="350" branch="true" condition-coverage="100% (2/2)"><conditions><condition number="0" type="jump" coverage="100%"/></conditions></line><line number="253" hits="342" branch="true" condition-coverage="50% (1/2)"><conditions><condition number="0" type="jump" coverage="50%"/></conditions></line><line number="255" hits="8" branch="false"/><line number="258" hits="8" branch="false"/><line number="259" hits="8" branch="true" condition-coverage="50% (2/4)"><conditions><condition number="0" type="jump" coverage="50%"/></conditions></line><line number="260" hits="8" branch="true" condition-coverage="50% (1/2)"><conditions><condition number="0" type="jump" coverage="50%"/></conditions></line><line number="261" hits="0" branch="true" condition-coverage="0% (0/2)"><conditions><condition number="0" type="jump" coverage="0%"/></conditions></line><line number="262" hits="0" branch="false"/><line number="265" hits="8" branch="true" condition-coverage="100% (2/2)"><conditions><condition number="0" type="jump" coverage="100%"/></conditions></line><line number="266" hits="22" branch="true" condition-coverage="100% (2/2)"><conditions><condition number="0" type="jump" coverage="100%"/></conditions></line><line number="267" hits="14" branch="false"/><line number="269" hits="14" branch="false"/><line number="270" hits="14" branch="false"/><line number="271" hits="14" branch="false"/><line number="272" hits="14" branch="false"/><line number="273" hits="14" branch="false"/><line number="274" hits="14" branch="false"/><line number="275" hits="14" branch="false"/><line number="276" hits="14" branch="false"/><line number="277" hits="14" branch="false"/><line number="278" hits="14" branch="false"/><line number="279" hits="14" branch="false"/><line number="280" hits="14" branch="false"/><line number="281" hits="14" branch="false"/><line number="282" hits="14" branch="false"/><line number="283" hits="14" branch="false"/><line number="284" hits="14" branch="true" condition-coverage="50% (1/2)"><conditions><condition number="0" type="jump" coverage="50%"/></conditions></line><line number="285" hits="14" branch="false"/><line number="286" hits="14" branch="false"/><line number="287" hits="14" branch="false"/><line number="288" hits="14" branch="false"/><line number="289" hits="14" branch="true" condition-coverage="50% (1/2)"><conditions><condition number="0" type="jump" coverage="50%"/></conditions></line><line number="290" hits="14" branch="false"/><line number="298" hits="14" branch="false"/><line number="299" hits="14" branch="false"/><line number="301" hits="342" branch="false"/><line number="302" hits="342" branch="false"/><line number="303" hits="342" branch="false"/><line number="304" hits="342" branch="false"/><line number="305" hits="342" branch="false"/><line number="307" hits="342" branch="false"/><line number="308" hits="342" branch="false"/><line number="309" hits="342" branch="false"/><line number="310" hits="342" branch="false"/><line number="312" hits="342" branch="false"/><line number="314" hits="342" branch="false"/><line number="315" hits="342" branch="false"/><line number="316" hits="342" branch="false"/><line number="317" hits="342" branch="false"/><line number="318" hits="342" branch="false"/><line number="319" hits="342" branch="false"/><line number="321" hits="342" branch="false"/><line number="322" hits="342" branch="false"/><line number="323" hits="342" branch="true" condition-coverage="75% (3/4)"><conditions><condition number="0" type="jump" coverage="75%"/></conditions></line><line number="326" hits="342" branch="false"/><line number="327" hits="342" branch="false"/><line number="329" hits="28" branch="false"/><line number="330" hits="28" branch="false"/><line number="332" hits="28" branch="false"/><line number="333" hits="28" branch="false"/><line number="334" hits="28" branch="false"/><line number="335" hits="28" branch="false"/><line number="336" hits="28" branch="false"/><line number="337" hits="28" branch="false"/><line number="338" hits="28" branch="false"/><line number="339" hits="28" branch="false"/><line number="340" hits="28" branch="false"/><line number="341" hits="28" branch="false"/><line number="342" hits="28" branch="false"/></lines></class><class name="Config_cpp" filename="src/Config.cpp" line-rate="0.9242424242424242" branch-rate="0.5553846153846154" complexity="0.0"><methods><method name="Config::ParsePresetLine" signature="(std::__cxx11::basic_string&lt;char, std::char_traits&lt;char&gt;, std::allocator&lt;char&gt; &gt; const&amp;, Preset&amp;, std::__cxx11::basic_string&lt;char, std::char_traits&lt;char&gt;, std::allocator&lt;char&gt; &gt;&amp;, bool&amp;)" line-rate="0.8807339449541285" branch-rate="0.6336996336996337" complexity="0.0"><lines><line number="33" hits="1982" branch="false"/><line number="34" hits="1982" branch="true" condition-coverage="50% (1/2)"><conditions><condition number="0" type="jump" coverage="50%"/></conditions></line><line number="35" hits="1982" branch="false"/><line number="36" hits="1982" branch="true" condition-coverage="50% (3/6)"><conditions><condition number="0" type="jump" coverage="50%"/></conditions></line><line number="37" hits="1982" branch="false"/><line number="38" hits="1982" branch="true" condition-coverage="50% (3/6)"><conditions><condition number="0" type="jump" coverage="50%"/></conditions></line><line number="41" hits="1982" branch="true" condition-coverage="66% (4/6)"><conditions><condition number="0" type="jump" coverage="66%"/></conditions></line><line number="42" hits="1956" branch="true" condition-coverage="66% (4/6)"><conditions><condition number="0" type="jump" coverage="66%"/></conditions></line><line number="43" hits="1928" branch="true" condition-coverage="75% (3/4)"><conditions><condition number="0" type="jump" coverage="75%"/></conditions></line><line number="44" hits="24" branch="true" condition-coverage="50% (1/2)"><conditions><condition number="0" type="jump" coverage="50%"/></conditions></line><line number="45" hits="24" branch="true" condition-coverage="50% (1/2)"><conditions><condition number="0" type="jump" coverage="50%"/></conditions></line><line number="46" hits="0" branch="false"/><line number="47" hits="0" branch="false"/><line number="48" hits="0" branch="true" condition-coverage="0% (0/4)"><conditions><condition number="0" type="jump" coverage="0%"/></conditions></line><line number="49" hits="0" branch="true" condition-coverage="0% (0/6)"><conditions><condition number="0" type="jump" coverage="0%"/></conditions></line><line number="50" hits="0" branch="false"/><line number="52" hits="24" branch="false"/><line number="54" hits="1904" branch="true" condition-coverage="66% (4/6)"><conditions><condition number="0" type="jump" coverage="66%"/></conditions></line><line number="55" hits="1880" branch="true" condition-coverage="66% (4/6)"><conditions><condition number="0" type="jump" coverage="66%"/></conditions></line><line number="56" hits="1856" branch="true" condition-coverage="66% (4/6)"><conditions><condition number="0" type="jump" coverage="66%"/></conditions></line><line number="57" hits="1832" branch="true" condition-coverage="66% (4/6)"><conditions><condition number="0" type="jump" coverage="66%"/></conditions></line><line number="58" hits="1808" branch="true" condition-coverage="66% (4/6)"><conditions><condition number="0" type="jump" coverage="66%"/></conditions></line><line number="59" hits="1784" branch="true" condition-coverage="66% (4/6)"><conditions><condition number="0" type="jump" coverage="66%"/></conditions></line><line number="60" hits="1760" branch="true" condition-coverage="66% (4/6)"><conditions><condition number="0" type="jump" coverage="66%"/></conditions></line><line number="61" hits="1736" branch="true" condition-coverage="66% (4/6)"><conditions><condition number="0" type="jump" coverage="66%"/></conditions></line><line number="62" hits="1712" branch="true" condition-coverage="66% (4/6)"><conditions><condition number="0" type="jump" coverage="66%"/></conditions></line><line number="63" hits="1688" branch="true" condition-coverage="66% (4/6)"><conditions><condition number="0" type="jump" coverage="66%"/></conditions></line><line number="64" hits="1664" branch="true" condition-coverage="66% (4/6)"><conditions><condition number="0" type="jump" coverage="66%"/></conditions></line><line number="65" hits="1640" branch="true" condition-coverage="66% (4/6)"><conditions><condition number="0" type="jump" coverage="66%"/></conditions></line><line number="66" hits="1614" branch="true" condition-coverage="66% (4/6)"><conditions><condition number="0" type="jump" coverage="66%"/></conditions></line><line number="67" hits="1590" branch="true" condition-coverage="66% (4/6)"><conditions><condition number="0" type="jump" coverage="66%"/></conditions></line><line number="68" hits="1566" branch="true" condition-coverage="66% (4/6)"><conditions><condition number="0" type="jump" coverage="66%"/></conditions></line><line number="69" hits="1542" branch="true" condition-coverage="66% (4/6)"><conditions><condition number="0" type="jump" coverage="66%"/></conditions></line><line number="70" hits="1518" branch="true" condition-coverage="66% (4/6)"><conditions><condition number="0" type="jump" coverage="66%"/></conditions></line><line number="71" hits="1494" branch="true" condition-coverage="66% (4/6)"><conditions><condition number="0" type="jump" coverage="66%"/></conditions></line><line number="72" hits="1470" branch="true" condition-coverage="66% (4/6)"><conditions><condition number="0" type="jump" coverage="66%"/></conditions></line><line number="73" hits="1444" branch="true" condition-coverage="66% (4/6)"><conditions><condition number="0" type="jump" coverage="66%"/></conditions></line><line number="74" hits="1420" branch="true" condition-coverage="33% (2/6)"><conditions><condition number="0" type="jump" coverage="33%"/></conditions></line><line number="75" hits="1420" branch="true" condition-coverage="66% (4/6)"><conditions><condition number="0" type="jump" coverage="66%"/></conditions></line><line number="76" hits="1396" branch="true" condition-coverage="66% (4/6)"><conditions><condition number="0" type="jump" coverage="66%"/></conditions></line><line number="77" hits="1372" branch="true" condition-coverage="66% (4/6)"><conditions><condition number="0" type="jump" coverage="66%"/></conditions></line><line number="78" hits="1348" branch="true" condition-coverage="66% (4/6)"><conditions><condition number="0" type="jump" coverage="66%"/></conditions></line><line number="79" hits="1324" branch="true" condition-coverage="66% (4/6)"><conditions><condition number="0" type="jump" coverage="66%"/></conditions></line><line number="80" hits="1300" branch="true" condition-coverage="66% (4/6)"><conditions><condition number="0" type="jump" coverage="66%"/></conditions></line><line number="81" hits="1276" branch="true" condition-coverage="66% (4/6)"><conditions><condition number="0" type="jump" coverage="66%"/></conditions></line><line number="82" hits="1252" branch="true" condition-coverage="66% (4/6)"><conditions><condition number="0" type="jump" coverage="66%"/></conditions></line><line number="83" hits="1228" branch="true" condition-coverage="66% (4/6)"><conditions><condition number="0" type="jump" coverage="66%"/></conditions></line><line number="84" hits="1204" branch="true" condition-coverage="66% (4/6)"><conditions><condition number="0" type="jump" coverage="66%"/></conditions></line><line number="85" hits="1180" branch="true" condition-coverage="66% (4/6)"><conditions><condition number="0" type="jump" coverage="66%"/></conditions></line><line number="86" hits="1156" branch="true" condition-coverage="66% (4/6)"><conditions><condition number="0" type="jump" coverage="66%"/></conditions></line><line number="87" hits="1132" branch="true" condition-coverage="66% (4/6)"><conditions><condition number="0" type="jump" coverage="66%"/></conditions></line><line number="88" hits="1108" branch="true" condition-coverage="66% (4/6)"><conditions><condition number="0" type="jump" coverage="66%"/></conditions></line><line number="89" hits="1084" branch="true" condition-coverage="66% (4/6)"><conditions><condition number="0" type="jump" coverage="66%"/></conditions></line><line number="90" hits="1060" branch="true" condition-coverage="50% (2/4)"><conditions><condition number="0" type="jump" coverage="50%"/></conditions></line><line number="92" hits="0" branch="true" condition-coverage="0% (0/2)"><conditions><condition number="0" type="jump" coverage="0%"/></conditions></line><line number="93" hits="0" branch="true" condition-coverage="0% (0/2)"><conditions><condition number="0" type="jump" coverage="0%"/></conditions></line><line number="95" hits="0" branch="false"/><line number="96" hits="0" branch="false"/><line number="99" hits="0" branch="false"/><line number="100" hits="0" branch="false"/><line number="102" hits="0" branch="false"/><line number="104" hits="1060" branch="true" condition-coverage="66% (4/6)"><conditions><condition number="0" type="jump" coverage="66%"/></conditions></line><line number="105" hits="1036" branch="true" condition-coverage="66% (4/6)"><conditions><condition number="0" type="jump" coverage="66%"/></conditions></line><line number="106" hits="1012" branch="true" condition-coverage="66% (4/6)"><conditions><condition number="0" type="jump" coverage="66%"/></conditions></line><line number="107" hits="988" branch="true" condition-coverage="66% (4/6)"><conditions><condition number="0" type="jump" coverage="66%"/></conditions></line><line number="108" hits="964" branch="true" condition-coverage="66% (4/6)"><conditions><condition number="0" type="jump" coverage="66%"/></conditions></line><line number="109" hits="940" branch="true" condition-coverage="66% (4/6)"><conditions><condition number="0" type="jump" coverage="66%"/></conditions></line><line number="110" hits="916" branch="true" condition-coverage="66% (4/6)"><conditions><condition number="0" type="jump" coverage="66%"/></conditions></line><line number="111" hits="892" branch="true" condition-coverage="66% (4/6)"><conditions><condition number="0" type="jump" coverage="66%"/></conditions></line><line number="112" hits="868" branch="true" condition-coverage="66% (4/6)"><conditions><condition number="0" type="jump" coverage="66%"/></conditions></line><line number="113" hits="844" branch="true" condition-coverage="66% (4/6)"><conditions><condition number="0" type="jump" coverage="66%"/></conditions></line><line number="114" hits="820" branch="true" condition-coverage="66% (4/6)"><conditions><condition number="0" type="jump" coverage="66%"/></conditions></line><line number="115" hits="796" branch="true" condition-coverage="66% (4/6)"><conditions><condition number="0" type="jump" coverage="66%"/></conditions></line><line number="116" hits="772" branch="true" condition-coverage="58% (7/12)"><conditions><condition number="0" type="jump" coverage="58%"/></conditions></line><line number="117" hits="748" branch="true" condition-coverage="66% (4/6)"><conditions><condition number="0" type="jump" coverage="66%"/></conditions></line><line number="118" hits="724" branch="true" condition-coverage="66% (4/6)"><conditions><condition number="0" type="jump" coverage="66%"/></conditions></line><line number="119" hits="700" branch="true" condition-coverage="66% (4/6)"><conditions><condition number="0" type="jump" coverage="66%"/></conditions></line><line number="120" hits="676" branch="true" condition-coverage="66% (4/6)"><conditions><condition number="0" type="jump" coverage="66%"/></conditions></line><line number="121" hits="652" branch="true" condition-coverage="66% (4/6)"><conditions><condition number="0" type="jump" coverage="66%"/></conditions></line><line number="122" hits="628" branch="true" condition-coverage="66% (4/6)"><conditions><condition number="0" type="jump" coverage="66%"/></conditions></line><line number="123" hits="604" branch="true" condition-coverage="66% (4/6)"><conditions><condition number="0" type="jump" coverage="66%"/></conditions></line><line number="124" hits="580" branch="true" condition-coverage="66% (4/6)"><conditions><condition number="0" type="jump" coverage="66%"/></conditions></line><line number="125" hits="556" branch="true" condition-coverage="66% (4/6)"><conditions><condition number="0" type="jump" coverage="66%"/></conditions></line><line number="126" hits="532" branch="true" condition-coverage="66% (4/6)"><conditions><condition number="0" type="jump" coverage="66%"/></conditions></line><line number="127" hits="508" branch="true" condition-coverage="66% (4/6)"><conditions><condition number="0" type="jump" coverage="66%"/></conditions></line><line number="128" hits="482" branch="true" condition-coverage="66% (4/6)"><conditions><condition number="0" type="jump" coverage="66%"/></conditions></line><line number="129" hits="458" branch="true" condition-coverage="66% (4/6)"><conditions><condition number="0" type="jump" coverage="66%"/></conditions></line><line number="130" hits="434" branch="true" condition-coverage="66% (4/6)"><conditions><condition number="0" type="jump" coverage="66%"/></conditions></line><line number="131" hits="432" branch="true" condition-coverage="66% (4/6)"><conditions><condition number="0" type="jump" coverage="66%"/></conditions></line><line number="132" hits="408" branch="true" condition-coverage="66% (4/6)"><conditions><condition number="0" type="jump" coverage="66%"/></conditions></line><line number="133" hits="384" branch="true" condition-coverage="66% (4/6)"><conditions><condition number="0" type="jump" coverage="66%"/></conditions></line><line number="134" hits="360" branch="true" condition-coverage="66% (4/6)"><conditions><condition number="0" type="jump" coverage="66%"/></conditions></line><line number="135" hits="336" branch="true" condition-coverage="66% (4/6)"><conditions><condition number="0" type="jump" coverage="66%"/></conditions></line><line number="136" hits="312" branch="true" condition-coverage="66% (4/6)"><conditions><condition number="0" type="jump" coverage="66%"/></conditions></line><line number="137" hits="288" branch="true" condition-coverage="66% (4/6)"><conditions><condition number="0" type="jump" coverage="66%"/></conditions></line><line number="138" hits="264" branch="true" condition-coverage="66% (4/6)"><conditions><condition number="0" type="jump" coverage="66%"/></conditions></line><line number="139" hits="240" branch="true" condition-coverage="66% (4/6)"><conditions><condition number="0" type="jump" coverage="66%"/></conditions></line><line number="140" hits="216" branch="true" condition-coverage="66% (4/6)"><conditions><condition number="0" type="jump" coverage="66%"/></conditions></line><line number="141" hits="192" branch="true" condition-coverage="66% (4/6)"><conditions><condition number="0" type="jump" coverage="66%"/></conditions></line><line number="142" hits="168" branch="true" condition-coverage="66% (4/6)"><conditions><condition number="0" type="jump" coverage="66%"/></conditions></line><line number="143" hits="144" branch="true" condition-coverage="66% (4/6)"><conditions><condition number="0" type="jump" coverage="66%"/></conditions></line><line number="144" hits="120" branch="true" condition-coverage="66% (4/6)"><conditions><condition number="0" type="jump" coverage="66%"/></conditions></line><line number="145" hits="96" branch="true" condition-coverage="66% (4/6)"><conditions><condition number="0" type="jump" coverage="66%"/></conditions></line><line number="146" hits="72" branch="true" condition-coverage="66% (4/6)"><conditions><condition number="0" type="jump" coverage="66%"/></conditions></line><line number="147" hits="48" branch="true" condition-coverage="66% (4/6)"><conditions><condition number="0" type="jump" coverage="66%"/></conditions></line><line number="148" hits="24" branch="true" condition-coverage="50% (3/6)"><conditions><condition number="0" type="jump" coverage="50%"/></conditions></line><line number="149" hits="0" branch="true" condition-coverage="0% (0/2)"><conditions><condition number="0" type="jump" coverage="0%"/></conditions></line><line number="151" hits="1982" branch="false"/><line number="152" hits="1982" branch="false"/></lines></method><method name="Config::LoadPresets" signature="()" line-rate="0.9946996466431095" branch-rate="0.5396825396825397" complexity="0.0"><lines><line number="154" hits="42" branch="false"/><line number="155" hits="42" branch="false"/><line number="158" hits="84" branch="true" condition-coverage="50% (3/6)"><conditions><condition number="0" type="jump" coverage="50%"/></conditions></line><line number="162" hits="42" branch="true" condition-coverage="50% (2/4)"><conditions><condition number="0" type="jump" coverage="50%"/></conditions></line><line number="163" hits="42" branch="false"/><line number="164" hits="42" branch="false"/><line number="165" hits="42" branch="false"/><line number="166" hits="42" branch="false"/><line number="167" hits="42" branch="false"/><line number="168" hits="42" branch="false"/><line number="169" hits="42" branch="false"/><line number="170" hits="42" branch="false"/><line number="171" hits="42" branch="false"/><line number="172" hits="42" branch="false"/><line number="173" hits="42" branch="false"/><line number="174" hits="42" branch="false"/><line number="175" hits="42" branch="false"/><line number="176" hits="42" branch="false"/><line number="177" hits="42" branch="false"/><line number="178" hits="42" branch="false"/><line number="179" hits="42" branch="false"/><line number="180" hits="42" branch="false"/><line number="181" hits="42" branch="false"/><line number="182" hits="42" branch="false"/><line number="183" hits="42" branch="false"/><line number="184" hits="42" branch="false"/><line number="185" hits="42" branch="false"/><line number="186" hits="42" branch="false"/><line number="187" hits="42" branch="false"/><line number="188" hits="42" branch="false"/><line number="189" hits="42" branch="false"/><line number="190" hits="42" branch="false"/><line number="191" hits="42" branch="false"/><line number="192" hits="42" branch="false"/><line number="193" hits="42" branch="false"/><line number="194" hits="42" branch="false"/><line number="195" hits="42" branch="false"/><line number="196" hits="42" branch="false"/><line number="197" hits="42" branch="false"/><line number="198" hits="42" branch="false"/><line number="199" hits="42" branch="false"/><line number="200" hits="42" branch="false"/><line number="201" hits="42" branch="false"/><line number="202" hits="42" branch="false"/><line number="203" hits="42" branch="false"/><line number="204" hits="42" branch="false"/><line number="205" hits="42" branch="false"/><line number="206" hits="42" branch="false"/><line number="207" hits="42" branch="false"/><line number="208" hits="42" branch="false"/><line number="209" hits="42" branch="false"/><line number="210" hits="42" branch="false"/><line number="211" hits="42" branch="false"/><line number="212" hits="42" branch="false"/><line number="213" hits="42" branch="false"/><line number="214" hits="42" branch="false"/><line number="215" hits="42" branch="false"/><line number="216" hits="42" branch="false"/><line number="217" hits="42" branch="false"/><line number="218" hits="42" branch="false"/><line number="219" hits="42" branch="false"/><line number="220" hits="42" branch="true" condition-coverage="50% (1/2)"><conditions><condition number="0" type="jump" coverage="50%"/></conditions></line><line number="221" hits="42" branch="false"/><line number="225" hits="42" branch="true" condition-coverage="50% (2/4)"><conditions><condition number="0" type="jump" coverage="50%"/></conditions></line><line number="226" hits="42" branch="false"/><line number="227" hits="42" branch="false"/><line number="228" hits="42" branch="false"/><line number="229" hits="42" branch="false"/><line number="230" hits="42" branch="false"/><line number="231" hits="42" branch="false"/><line number="232" hits="42" branch="false"/><line number="233" hits="42" branch="false"/><line number="234" hits="42" branch="false"/><line number="235" hits="42" branch="false"/><line number="236" hits="42" branch="false"/><line number="237" hits="42" branch="false"/><line number="238" hits="42" branch="false"/><line number="239" hits="42" branch="false"/><line number="240" hits="42" branch="false"/><line number="241" hits="42" branch="false"/><line number="242" hits="42" branch="false"/><line number="243" hits="42" branch="false"/><line number="244" hits="42" branch="false"/><line number="245" hits="42" branch="false"/><line number="246" hits="42" branch="false"/><line number="247" hits="42" branch="false"/><line number="248" hits="42" branch="false"/><line number="249" hits="42" branch="false"/><line number="250" hits="42" branch="false"/><line number="251" hits="42" branch="false"/><line number="252" hits="42" branch="false"/><line number="253" hits="42" branch="false"/><line number="254" hits="42" branch="false"/><line number="255" hits="42" branch="false"/><line number="256" hits="42" branch="false"/><line number="257" hits="42" branch="false"/><line number="258" hits="42" branch="false"/><line number="259" hits="42" branch="false"/><line number="260" hits="42" branch="false"/><line number="261" hits="42" branch="false"/><line number="262" hits="42" branch="false"/><line number="263" hits="42" branch="false"/><line number="264" hits="42" branch="false"/><line number="265" hits="42" branch="false"/><line number="266" hits="42" branch="false"/><line number="267" hits="42" branch="false"/><line number="268" hits="42" branch="false"/><line number="269" hits="42" branch="false"/><line number="270" hits="42" branch="false"/><line number="271" hits="42" branch="false"/><line number="272" hits="42" branch="false"/><line number="273" hits="42" branch="false"/><line number="274" hits="42" branch="false"/><line number="275" hits="42" branch="false"/><line number="276" hits="42" branch="false"/><line number="277" hits="42" branch="false"/><line number="278" hits="42" branch="false"/><line number="279" hits="42" branch="false"/><line number="280" hits="42" branch="false"/><line number="281" hits="42" branch="false"/><line number="282" hits="42" branch="true" condition-coverage="50% (1/2)"><conditions><condition number="0" type="jump" coverage="50%"/></conditions></line><line number="283" hits="42" branch="false"/><line number="287" hits="42" branch="true" condition-coverage="50% (2/4)"><conditions><condition number="0" type="jump" coverage="50%"/></conditions></line><line number="288" hits="42" branch="false"/><line number="289" hits="42" branch="false"/><line number="290" hits="42" branch="false"/><line number="291" hits="42" branch="false"/><line number="292" hits="42" branch="false"/><line number="293" hits="42" branch="false"/><line number="294" hits="42" branch="false"/><line number="295" hits="42" branch="false"/><line number="296" hits="42" branch="false"/><line number="297" hits="42" branch="false"/><line number="298" hits="42" branch="false"/><line number="299" hits="42" branch="false"/><line number="300" hits="42" branch="false"/><line number="301" hits="42" branch="false"/><line number="302" hits="42" branch="false"/><line number="303" hits="42" branch="false"/><line number="304" hits="42" branch="false"/><line number="305" hits="42" branch="false"/><line number="306" hits="42" branch="false"/><line number="307" hits="42" branch="false"/><line number="308" hits="42" branch="false"/><line number="309" hits="42" branch="false"/><line number="310" hits="42" branch="false"/><line number="311" hits="42" branch="false"/><line number="312" hits="42" branch="false"/><line number="313" hits="42" branch="false"/><line number="314" hits="42" branch="false"/><line number="315" hits="42" branch="false"/><line number="316" hits="42" branch="false"/><line number="317" hits="42" branch="false"/><line number="318" hits="42" branch="false"/><line number="319" hits="42" branch="false"/><line number="320" hits="42" branch="false"/><line number="321" hits="42" branch="false"/><line number="322" hits="42" branch="false"/><line number="323" hits="42" branch="false"/><line number="324" hits="42" branch="false"/><line number="325" hits="42" branch="false"/><line number="326" hits="42" branch="false"/><line number="327" hits="42" branch="false"/><line number="328" hits="42" branch="false"/><line number="329" hits="42" branch="false"/><line number="330" hits="42" branch="false"/><line number="331" hits="42" branch="false"/><line number="332" hits="42" branch="false"/><line number="333" hits="42" branch="false"/><line number="334" hits="42" branch="false"/><line number="335" hits="42" branch="false"/><line number="336" hits="42" branch="false"/><line number="337" hits="42" branch="false"/><line number="338" hits="42" branch="false"/><line number="339" hits="42" branch="false"/><line number="340" hits="42" branch="false"/><line number="341" hits="42" branch="false"/><line number="342" hits="42" branch="false"/><line number="343" hits="42" branch="false"/><line number="344" hits="42" branch="true" condition-coverage="50% (1/2)"><conditions><condition number="0" type="jump" coverage="50%"/></conditions></line><line number="345" hits="42" branch="false"/><line number="349" hits="42" branch="true" condition-coverage="50% (2/4)"><conditions><condition number="0" type="jump" coverage="50%"/></conditions></line><line number="350" hits="42" branch="false"/><line number="351" hits="42" branch="false"/><line number="352" hits="42" branch="false"/><line number="353" hits="42" branch="false"/><line number="354" hits="42" branch="false"/><line number="355" hits="42" branch="false"/><line number="356" hits="42" branch="false"/><line number="357" hits="42" branch="false"/><line number="358" hits="42" branch="false"/><line number="359" hits="42" branch="false"/><line number="360" hits="42" branch="false"/><line number="361" hits="42" branch="false"/><line number="362" hits="42" branch="false"/><line number="363" hits="42" branch="false"/><line number="364" hits="42" branch="false"/><line number="365" hits="42" branch="false"/><line number="366" hits="42" branch="false"/><line number="367" hits="42" branch="false"/><line number="368" hits="42" branch="false"/><line number="369" hits="42" branch="false"/><line number="370" hits="42" branch="false"/><line number="371" hits="42" branch="false"/><line number="372" hits="42" branch="false"/><line number="373" hits="42" branch="false"/><line number="374" hits="42" branch="false"/><line number="375" hits="42" branch="false"/><line number="376" hits="42" branch="false"/><line number="377" hits="42" branch="false"/><line number="378" hits="42" branch="false"/><line number="379" hits="42" branch="false"/><line number="380" hits="42" branch="false"/><line number="381" hits="42" branch="false"/><line number="382" hits="42" branch="false"/><line number="383" hits="42" branch="false"/><line number="384" hits="42" branch="false"/><line number="385" hits="42" branch="false"/><line number="386" hits="42" branch="false"/><line number="387" hits="42" branch="false"/><line number="388" hits="42" branch="false"/><line number="389" hits="42" branch="false"/><line number="390" hits="42" branch="false"/><line number="391" hits="42" branch="false"/><line number="392" hits="42" branch="false"/><line number="393" hits="42" branch="false"/><line number="394" hits="42" branch="false"/><line number="395" hits="42" branch="false"/><line number="396" hits="42" branch="false"/><line number="397" hits="42" branch="false"/><line number="398" hits="42" branch="false"/><line number="399" hits="42" branch="false"/><line number="400" hits="42" branch="false"/><line number="401" hits="42" branch="false"/><line number="402" hits="42" branch="false"/><line number="403" hits="42" branch="false"/><line number="404" hits="42" branch="false"/><line number="405" hits="42" branch="false"/><line number="406" hits="42" branch="true" condition-coverage="50% (1/2)"><conditions><condition number="0" type="jump" coverage="50%"/></conditions></line><line number="407" hits="42" branch="false"/><line number="412" hits="42" branch="true" condition-coverage="50% (2/4)"><conditions><condition number="0" type="jump" coverage="50%"/></conditions></line><line number="413" hits="42" branch="false"/><line number="414" hits="42" branch="false"/><line number="415" hits="42" branch="false"/><line number="416" hits="42" branch="false"/><line number="417" hits="42" branch="false"/><line number="418" hits="42" branch="false"/><line number="419" hits="42" branch="false"/><line number="420" hits="42" branch="false"/><line number="421" hits="42" branch="false"/><line number="422" hits="42" branch="false"/><line number="423" hits="42" branch="false"/><line number="424" hits="42" branch="false"/><line number="425" hits="42" branch="false"/><line number="426" hits="42" branch="false"/><line number="427" hits="42" branch="false"/><line number="428" hits="42" branch="false"/><line number="429" hits="42" branch="false"/><line number="430" hits="42" branch="false"/><line number="431" hits="42" branch="false"/><line number="432" hits="42" branch="false"/><line number="433" hits="42" branch="false"/><line number="434" hits="42" branch="false"/><line number="435" hits="42" branch="false"/><line number="436" hits="42" branch="false"/><line number="437" hits="42" branch="false"/><line number="438" hits="42" branch="false"/><line number="439" hits="42" branch="false"/><line number="440" hits="42" branch="false"/><line number="441" hits="42" branch="false"/><line number="442" hits="42" branch="false"/><line number="443" hits="42" branch="false"/><line number="444" hits="42" branch="false"/><line number="445" hits="42" branch="false"/><line number="446" hits="42" branch="false"/><line number="447" hits="42" branch="false"/><line number="448" hits="42" branch="false"/><line number="449" hits="42" branch="false"/><line number="450" hits="42" branch="false"/><line number="451" hits="42" branch="false"/><line number="452" hits="42" branch="false"/><line number="453" hits="42" branch="false"/><line number="454" hits="42" branch="false"/><line number="455" hits="42" branch="false"/><line number="456" hits="42" branch="false"/><line number="457" hits="42" branch="false"/><line number="458" hits="42" branch="false"/><line number="459" hits="42" branch="false"/><line number="460" hits="42" branch="false"/><line number="461" hits="42" branch="false"/><line number="462" hits="42" branch="false"/><line number="463" hits="42" branch="false"/><line number="464" hits="42" branch="false"/><line number="465" hits="42" branch="false"/><line number="466" hits="42" branch="false"/><line number="467" hits="42" branch="false"/><line number="468" hits="42" branch="false"/><line number="469" hits="42" branch="true" condition-coverage="50% (1/2)"><conditions><condition number="0" type="jump" coverage="50%"/></conditions></line><line number="470" hits="42" branch="false"/><line number="473" hits="126" branch="true" condition-coverage="50% (3/6)"><conditions><condition number="0" type="jump" coverage="50%"/></conditions></line><line number="474" hits="42" branch="false"/><line number="475" hits="42" branch="false"/><line number="476" hits="42" branch="false"/><line number="477" hits="42" branch="false"/><line number="478" hits="42" branch="false"/><line number="479" hits="42" branch="false"/><line number="480" hits="42" branch="false"/><line number="484" hits="126" branch="true" condition-coverage="50% (3/6)"><conditions><condition number="0" type="jump" coverage="50%"/></conditions></line><line number="485" hits="42" branch="false"/><line number="486" hits="42" branch="false"/><line number="487" hits="42" branch="false"/><line number="488" hits="42" branch="false"/><line number="489" hits="42" branch="false"/><line number="490" hits="42" branch="false"/><line number="491" hits="42" branch="false"/><line number="492" hits="42" branch="false"/><line number="493" hits="42" branch="false"/><line number="497" hits="126" branch="true" condition-coverage="50% (3/6)"><conditions><condition number="0" type="jump" coverage="50%"/></conditions></line><line number="499" hits="42" branch="false"/><line number="502" hits="42" branch="false"/><line number="503" hits="42" branch="false"/><line number="504" hits="42" branch="false"/><line number="505" hits="42" branch="false"/><line number="506" hits="42" branch="false"/><line number="507" hits="42" branch="false"/><line number="510" hits="42" branch="false"/><line number="511" hits="42" branch="false"/><line number="512" hits="42" branch="false"/><line number="513" hits="42" branch="false"/><line number="514" hits="42" branch="false"/><line number="515" hits="42" branch="false"/><line number="518" hits="42" branch="false"/><line number="519" hits="42" branch="false"/><line number="522" hits="42" branch="false"/><line number="523" hits="42" branch="false"/><line number="524" hits="42" branch="false"/><line number="528" hits="126" branch="true" condition-coverage="50% (3/6)"><conditions><condition number="0" type="jump" coverage="50%"/></conditions></line><line number="530" hits="42" branch="false"/><line number="531" hits="42" branch="false"/><line number="532" hits="42" branch="false"/><line number="535" hits="42" branch="false"/><line number="536" hits="42" branch="false"/><line number="537" hits="42" branch="false"/><line number="538" hits="42" branch="false"/><line number="539" hits="42" branch="false"/><line number="540" hits="42" branch="false"/><line number="543" hits="42" branch="false"/><line number="544" hits="42" branch="false"/><line number="545" hits="42" branch="false"/><line number="546" hits="42" branch="false"/><line number="547" hits="42" branch="false"/><line number="548" hits="42" branch="false"/><line number="551" hits="42" branch="false"/><line number="552" hits="42" branch="false"/><line number="555" hits="42" branch="false"/><line number="559" hits="126" branch="true" condition-coverage="50% (3/6)"><conditions><condition number="0" type="jump" coverage="50%"/></conditions></line><line number="560" hits="42" branch="false"/><line number="561" hits="42" branch="false"/><line number="562" hits="42" branch="false"/><line number="563" hits="42" branch="false"/><line number="564" hits="42" branch="false"/><line number="565" hits="42" branch="false"/><line number="566" hits="42" branch="false"/><line number="567" hits="42" branch="false"/><line number="568" hits="42" branch="false"/><line number="569" hits="42" branch="false"/><line number="570" hits="42" branch="false"/><line number="574" hits="126" branch="true" condition-coverage="50% (3/6)"><conditions><condition number="0" type="jump" coverage="50%"/></conditions></line><line number="575" hits="42" branch="false"/><line number="576" hits="42" branch="false"/><line number="577" hits="42" branch="false"/><line number="578" hits="42" branch="false"/><line number="579" hits="42" branch="false"/><line number="580" hits="42" branch="false"/><line number="581" hits="42" branch="false"/><line number="582" hits="42" branch="false"/><line number="586" hits="126" branch="true" condition-coverage="50% (3/6)"><conditions><condition number="0" type="jump" coverage="50%"/></conditions></line><line number="587" hits="42" branch="false"/><line number="588" hits="42" branch="false"/><line number="589" hits="42" branch="false"/><line number="590" hits="42" branch="false"/><line number="591" hits="42" branch="false"/><line number="592" hits="42" branch="false"/><line number="593" hits="42" branch="false"/><line number="594" hits="42" branch="false"/><line number="595" hits="42" branch="false"/><line number="599" hits="126" branch="true" condition-coverage="50% (3/6)"><conditions><condition number="0" type="jump" coverage="50%"/></conditions></line><line number="600" hits="42" branch="false"/><line number="601" hits="42" branch="false"/><line number="602" hits="42" branch="false"/><line number="603" hits="42" branch="false"/><line number="604" hits="42" branch="false"/><line number="605" hits="42" branch="false"/><line number="606" hits="42" branch="false"/><line number="607" hits="42" branch="false"/><line number="611" hits="126" branch="true" condition-coverage="50% (3/6)"><conditions><condition number="0" type="jump" coverage="50%"/></conditions></line><line number="612" hits="42" branch="false"/><line number="613" hits="42" branch="false"/><line number="614" hits="42" branch="false"/><line number="615" hits="42" branch="false"/><line number="616" hits="42" branch="false"/><line number="617" hits="42" branch="false"/><line number="618" hits="42" branch="false"/><line number="619" hits="42" branch="false"/><line number="625" hits="126" branch="true" condition-coverage="50% (3/6)"><conditions><condition number="0" type="jump" coverage="50%"/></conditions></line><line number="626" hits="42" branch="false"/><line number="627" hits="42" branch="false"/><line number="628" hits="42" branch="false"/><line number="629" hits="42" branch="false"/><line number="630" hits="42" branch="false"/><line number="631" hits="42" branch="false"/><line number="632" hits="42" branch="false"/><line number="633" hits="42" branch="false"/><line number="634" hits="42" branch="false"/><line number="635" hits="42" branch="false"/><line number="636" hits="42" branch="false"/><line number="637" hits="42" branch="false"/><line number="638" hits="42" branch="false"/><line number="639" hits="42" branch="false"/><line number="640" hits="42" branch="false"/><line number="644" hits="126" branch="true" condition-coverage="50% (3/6)"><conditions><condition number="0" type="jump" coverage="50%"/></conditions></line><line number="645" hits="42" branch="false"/><line number="646" hits="42" branch="false"/><line number="647" hits="42" branch="false"/><line number="648" hits="42" branch="false"/><line number="649" hits="42" branch="false"/><line number="650" hits="42" branch="false"/><line number="651" hits="42" branch="false"/><line number="652" hits="42" branch="false"/><line number="653" hits="42" branch="false"/><line number="654" hits="42" branch="false"/><line number="655" hits="42" branch="false"/><line number="656" hits="42" branch="false"/><line number="657" hits="42" branch="false"/><line number="658" hits="42" branch="false"/><line number="659" hits="42" branch="false"/><line number="660" hits="42" branch="false"/><line number="664" hits="126" branch="true" condition-coverage="50% (3/6)"><conditions><condition number="0" type="jump" coverage="50%"/></conditions></line><line number="665" hits="42" branch="false"/><line number="666" hits="42" branch="false"/><line number="667" hits="42" branch="false"/><line number="668" hits="42" branch="false"/><line number="669" hits="42" branch="false"/><line number="670" hits="42" branch="false"/><line number="671" hits="42" branch="false"/><line number="672" hits="42" branch="false"/><line number="673" hits="42" branch="false"/><line number="674" hits="42" branch="false"/><line number="675" hits="42" branch="false"/><line number="676" hits="42" branch="false"/><line number="677" hits="42" branch="false"/><line number="681" hits="126" branch="true" condition-coverage="50% (3/6)"><conditions><condition number="0" type="jump" coverage="50%"/></conditions></line><line number="682" hits="42" branch="false"/><line number="683" hits="42" branch="false"/><line number="684" hits="42" branch="false"/><line number="685" hits="42" branch="false"/><line number="686" hits="42" branch="false"/><line number="687" hits="42" branch="false"/><line number="688" hits="42" branch="false"/><line number="689" hits="42" branch="false"/><line number="690" hits="42" branch="false"/><line number="691" hits="42" branch="false"/><line number="692" hits="42" branch="false"/><line number="693" hits="42" branch="false"/><line number="694" hits="42" branch="false"/><line number="698" hits="126" branch="true" condition-coverage="50% (3/6)"><conditions><condition number="0" type="jump" coverage="50%"/></conditions></line><line number="699" hits="42" branch="false"/><line number="700" hits="42" branch="false"/><line number="701" hits="42" branch="false"/><line number="702" hits="42" branch="false"/><line number="703" hits="42" branch="false"/><line number="704" hits="42" branch="false"/><line number="705" hits="42" branch="false"/><line number="706" hits="42" branch="false"/><line number="707" hits="42" branch="false"/><line number="708" hits="42" branch="false"/><line number="709" hits="42" branch="false"/><line number="710" hits="42" branch="false"/><line number="711" hits="42" branch="false"/><line number="715" hits="126" branch="true" condition-coverage="50% (3/6)"><conditions><condition number="0" type="jump" coverage="50%"/></conditions></line><line number="716" hits="42" branch="false"/><line number="717" hits="42" branch="false"/><line number="718" hits="42" branch="false"/><line number="719" hits="42" branch="false"/><line number="720" hits="42" branch="false"/><line number="721" hits="42" branch="false"/><line number="722" hits="42" branch="false"/><line number="723" hits="42" branch="false"/><line number="724" hits="42" branch="false"/><line number="725" hits="42" branch="false"/><line number="726" hits="42" branch="false"/><line number="727" hits="42" branch="false"/><line number="728" hits="42" branch="false"/><line number="729" hits="42" branch="false"/><line number="730" hits="42" branch="false"/><line number="734" hits="84" branch="true" condition-coverage="50% (3/6)"><conditions><condition number="0" type="jump" coverage="50%"/></conditions></line><line number="735" hits="42" branch="false"/><line number="736" hits="42" branch="false"/><line number="737" hits="42" branch="false"/><line number="738" hits="42" branch="false"/><line number="739" hits="42" branch="false"/><line number="740" hits="42" branch="false"/><line number="741" hits="42" branch="false"/><line number="742" hits="42" branch="false"/><line number="743" hits="42" branch="false"/><line number="744" hits="42" branch="false"/><line number="745" hits="42" branch="false"/><line number="746" hits="42" branch="false"/><line number="747" hits="42" branch="false"/><line number="748" hits="42" branch="false"/><line number="749" hits="42" branch="false"/><line number="754" hits="42" branch="true" condition-coverage="50% (1/2)"><conditions><condition number="0" type="jump" coverage="50%"/></conditions></line><line number="755" hits="42" branch="true" condition-coverage="100% (2/2)"><conditions><condition number="0" type="jump" coverage="100%"/></conditions></line><line number="757" hits="32" branch="false"/><line number="758" hits="32" branch="false"/><line number="759" hits="32" branch="false"/><line number="761" hits="32" branch="true" condition-coverage="50% (1/2)"><conditions><condition number="0" type="jump" coverage="50%"/></conditions></line><line number="762" hits="32" branch="true" condition-coverage="50% (1/2)"><conditions><condition number="0" type="jump" coverage="50%"/></conditions></line><line number="763" hits="32" branch="true" condition-coverage="50% (1/2)"><conditions><condition number="0" type="jump" coverage="50%"/></conditions></line><line number="764" hits="32" branch="false"/><line number="766" hits="4584" branch="true" condition-coverage="66% (4/6)"><conditions><condition number="0" type="jump" coverage="66%"/></conditions></line><line number="768" hits="4552" branch="true" condition-coverage="50% (1/2)"><conditions><condition number="0" type="jump" coverage="50%"/></conditions></line><line number="769" hits="4552" branch="true" condition-coverage="50% (1/2)"><conditions><condition number="0" type="jump" coverage="50%"/></conditions></line><line number="771" hits="4552" branch="true" condition-coverage="87% (7/8)"><conditions><condition number="0" type="jump" coverage="87%"/></conditions></line><line number="773" hits="4154" branch="true" condition-coverage="75% (3/4)"><conditions><condition number="0" type="jump" coverage="75%"/></conditions></line><line number="774" hits="84" branch="true" condition-coverage="83% (5/6)"><conditions><condition number="0" type="jump" coverage="83%"/></conditions></line><line number="775" hits="4" branch="true" condition-coverage="50% (1/2)"><conditions><condition number="0" type="jump" coverage="50%"/></conditions></line><line number="776" hits="4" branch="false"/><line number="779" hits="4" branch="true" condition-coverage="50% (1/2)"><conditions><condition number="0" type="jump" coverage="50%"/></conditions></line><line number="780" hits="0" branch="true" condition-coverage="0% (0/2)"><conditions><condition number="0" type="jump" coverage="0%"/></conditions></line><line number="781" hits="0" branch="false"/><line number="782" hits="0" branch="true" condition-coverage="0% (0/10)"><conditions><condition number="0" type="jump" coverage="0%"/></conditions></line><line number="784" hits="4" branch="true" condition-coverage="50% (1/2)"><conditions><condition number="0" type="jump" coverage="50%"/></conditions></line><line number="787" hits="4" branch="true" condition-coverage="50% (1/2)"><conditions><condition number="0" type="jump" coverage="50%"/></conditions></line><line number="788" hits="4" branch="true" condition-coverage="50% (1/2)"><conditions><condition number="0" type="jump" coverage="50%"/></conditions></line><line number="789" hits="4" branch="false"/><line number="792" hits="84" branch="true" condition-coverage="75% (3/4)"><conditions><condition number="0" type="jump" coverage="75%"/></conditions></line><line number="793" hits="28" branch="false"/><line number="794" hits="56" branch="true" condition-coverage="75% (3/4)"><conditions><condition number="0" type="jump" coverage="75%"/></conditions></line><line number="795" hits="34" branch="false"/><line number="796" hits="34" branch="false"/><line number="797" hits="34" branch="true" condition-coverage="50% (1/2)"><conditions><condition number="0" type="jump" coverage="50%"/></conditions></line><line number="798" hits="34" branch="true" condition-coverage="50% (1/2)"><conditions><condition number="0" type="jump" coverage="50%"/></conditions></line><line number="799" hits="34" branch="true" condition-coverage="50% (2/4)"><conditions><condition number="0" type="jump" coverage="50%"/></conditions></line><line number="800" hits="34" branch="false"/><line number="801" hits="34" branch="true" condition-coverage="50% (1/2)"><conditions><condition number="0" type="jump" coverage="50%"/></conditions></line><line number="804" hits="22" branch="false"/><line number="806" hits="84" branch="false"/><line number="807" hits="84" branch="false"/><line number="809" hits="4070" branch="true" condition-coverage="100% (2/2)"><conditions><condition number="0" type="jump" coverage="100%"/></conditions></line><line number="810" hits="1982" branch="true" condition-coverage="50% (1/2)"><conditions><condition number="0" type="jump" coverage="50%"/></conditions></line><line number="814" hits="32" branch="true" condition-coverage="83% (5/6)"><conditions><condition number="0" type="jump" coverage="83%"/></conditions></line><line number="815" hits="30" branch="true" condition-coverage="50% (1/2)"><conditions><condition number="0" type="jump" coverage="50%"/></conditions></line><line number="816" hits="30" branch="false"/><line number="819" hits="30" branch="true" condition-coverage="100% (2/2)"><conditions><condition number="0" type="jump" coverage="100%"/></conditions></line><line number="820" hits="8" branch="true" condition-coverage="50% (1/2)"><conditions><condition number="0" type="jump" coverage="50%"/></conditions></line><line number="821" hits="8" branch="false"/><line number="822" hits="8" branch="true" condition-coverage="50% (5/10)"><conditions><condition number="0" type="jump" coverage="50%"/></conditions></line><line number="824" hits="22" branch="true" condition-coverage="50% (1/2)"><conditions><condition number="0" type="jump" coverage="50%"/></conditions></line><line number="827" hits="30" branch="true" condition-coverage="50% (1/2)"><conditions><condition number="0" type="jump" coverage="50%"/></conditions></line><line number="828" hits="30" branch="true" condition-coverage="50% (1/2)"><conditions><condition number="0" type="jump" coverage="50%"/></conditions></line><line number="832" hits="32" branch="true" condition-coverage="100% (2/2)"><conditions><condition number="0" type="jump" coverage="100%"/></conditions></line><line number="833" hits="8" branch="true" condition-coverage="50% (1/2)"><conditions><condition number="0" type="jump" coverage="50%"/></conditions></line><line number="840" hits="8" branch="true" condition-coverage="50% (2/4)"><conditions><condition number="0" type="jump" coverage="50%"/></conditions></line><line number="841" hits="8" branch="false"/><line number="842" hits="42" branch="true" condition-coverage="100% (2/2)"><conditions><condition number="0" type="jump" coverage="100%"/></conditions></line></lines></method><method name="Config::ApplyPreset" signature="(int, FFBEngine&amp;)" line-rate="1.0" branch-rate="0.5" complexity="0.0"><lines><line number="844" hits="20" branch="false"/><line number="845" hits="20" branch="true" condition-coverage="50% (3/6)"><conditions><condition number="0" type="jump" coverage="50%"/></conditions></line><line number="846" hits="20" branch="true" condition-coverage="50% (1/2)"><conditions><condition number="0" type="jump" coverage="50%"/></conditions></line><line number="847" hits="20" branch="true" condition-coverage="50% (1/2)"><conditions><condition number="0" type="jump" coverage="50%"/></conditions></line><line number="848" hits="20" branch="true" condition-coverage="50% (1/2)"><conditions><condition number="0" type="jump" coverage="50%"/></conditions></line><line number="849" hits="20" branch="true" condition-coverage="50% (3/6)"><conditions><condition number="0" type="jump" coverage="50%"/></conditions></line><line number="850" hits="20" branch="true" condition-coverage="50% (2/4)"><conditions><condition number="0" type="jump" coverage="50%"/></conditions></line><line number="851" hits="20" branch="false"/><line number="852" hits="20" branch="false"/></lines></method><method name="Config::WritePresetFields" signature="(std::basic_ofstream&lt;char, std::char_traits&lt;char&gt; &gt;&amp;, Preset const&amp;)" line-rate="1.0" branch-rate="0.5" complexity="0.0"><lines><line number="854" hits="92" branch="false"/><line number="855" hits="92" branch="false"/><line number="856" hits="92" branch="true" condition-coverage="50% (1/2)"><conditions><condition number="0" type="jump" coverage="50%"/></conditions></line><line number="857" hits="92" branch="false"/><line number="858" hits="92" branch="false"/><line number="859" hits="92" branch="false"/><line number="860" hits="92" branch="false"/><line number="862" hits="92" branch="false"/><line number="863" hits="92" branch="false"/><line number="864" hits="92" branch="false"/><line number="865" hits="92" branch="false"/><line number="866" hits="92" branch="false"/><line number="867" hits="92" branch="false"/><line number="868" hits="92" branch="false"/><line number="869" hits="92" branch="false"/><line number="870" hits="92" branch="false"/><line number="871" hits="92" branch="false"/><line number="872" hits="92" branch="false"/><line number="873" hits="92" branch="false"/><line number="874" hits="92" branch="false"/><line number="876" hits="92" branch="false"/><line number="877" hits="92" branch="false"/><line number="878" hits="92" branch="false"/><line number="879" hits="92" branch="false"/><line number="880" hits="92" branch="false"/><line number="881" hits="92" branch="false"/><line number="882" hits="92" branch="false"/><line number="883" hits="92" branch="false"/><line number="884" hits="92" branch="false"/><line number="885" hits="92" branch="false"/><line number="886" hits="92" branch="false"/><line number="887" hits="92" branch="false"/><line number="888" hits="92" branch="false"/><line number="889" hits="92" branch="false"/><line number="890" hits="92" branch="false"/><line number="891" hits="92" branch="false"/><line number="892" hits="92" branch="false"/><line number="893" hits="92" branch="false"/><line number="894" hits="92" branch="false"/><line number="896" hits="92" branch="false"/><line number="897" hits="92" branch="false"/><line number="898" hi
[...]
<line number="161" hits="4" branch="false"/><line number="163" hits="34531" branch="false"/><line number="165" hits="34535" branch="true" condition-coverage="33% (2/6)"><conditions><condition number="0" type="jump" coverage="33%"/></conditions></line><line number="166" hits="34535" branch="false"/><line number="168" hits="34523" branch="false"/><line number="169" hits="34523" branch="true" condition-coverage="100% (2/2)"><conditions><condition number="0" type="jump" coverage="100%"/></conditions></line><line number="170" hits="34521" branch="true" condition-coverage="50% (1/2)"><conditions><condition number="0" type="jump" coverage="50%"/></conditions></line><line number="171" hits="34521" branch="false"/><line number="172" hits="34521" branch="true" condition-coverage="50% (2/4)"><conditions><condition number="0" type="jump" coverage="50%"/></conditions></line><line number="173" hits="34521" branch="true" condition-coverage="33% (2/6)"><conditions><condition number="0" type="jump" coverage="33%"/></conditions></line><line number="175" hits="0" branch="false"/><line number="176" hits="34521" branch="false"/><line number="178" hits="69052" branch="false"/><line number="179" hits="69052" branch="true" condition-coverage="50% (3/6)"><conditions><condition number="0" type="jump" coverage="50%"/></conditions></line><line number="180" hits="69052" branch="false"/><line number="181" hits="69052" branch="false"/><line number="184" hits="69052" branch="false"/><line number="185" hits="34531" branch="false"/><line number="189" hits="10" branch="false"/><line number="192" hits="2" branch="false"/><line number="193" hits="10" branch="false"/><line number="194" hits="10" branch="true" condition-coverage="75% (3/4)"><conditions><condition number="0" type="jump" coverage="75%"/></conditions></line><line number="196" hits="2" branch="false"/><line number="197" hits="2" branch="false"/><line number="199" hits="6" branch="false"/><line number="200" hits="6" branch="true" condition-coverage="50% (1/2)"><conditions><condition number="0" type="jump" coverage="50%"/></conditions></line><line number="201" hits="0" branch="false"/><line number="203" hits="4" branch="false"/><line number="204" hits="4" branch="true" condition-coverage="100% (2/2)"><conditions><condition number="0" type="jump" coverage="100%"/></conditions></line><line number="205" hits="4" branch="true" condition-coverage="100% (2/2)"><conditions><condition number="0" type="jump" coverage="100%"/></conditions></line><line number="206" hits="4" branch="false"/><line number="208" hits="2" branch="false"/><line number="211" hits="4" branch="false"/><line number="212" hits="2" branch="false"/><line number="213" hits="4" branch="false"/><line number="214" hits="4" branch="false"/><line number="215" hits="4" branch="false"/><line number="217" hits="2" branch="false"/><line number="218" hits="2" branch="false"/><line number="219" hits="2" branch="false"/><line number="222" hits="2" branch="false"/><line number="223" hits="2" branch="true" condition-coverage="50% (1/2)"><conditions><condition number="0" type="jump" coverage="50%"/></conditions></line><line number="224" hits="2" branch="false"/><line number="226" hits="2" branch="false"/><line number="227" hits="2" branch="false"/><line number="228" hits="2" branch="false"/><line number="230" hits="8" branch="false"/><line number="232" hits="8" branch="true" condition-coverage="100% (2/2)"><conditions><condition number="0" type="jump" coverage="100%"/></conditions></line><line number="233" hits="2" branch="false"/><line number="234" hits="2" branch="true" condition-coverage="50% (1/2)"><conditions><condition number="0" type="jump" coverage="50%"/></conditions></line><line number="235" hits="2" branch="false"/><line number="237" hits="6" branch="true" condition-coverage="100% (2/2)"><conditions><condition number="0" type="jump" coverage="100%"/></conditions></line><line number="238" hits="2" branch="false"/><line number="239" hits="2" branch="true" condition-coverage="50% (1/2)"><conditions><condition number="0" type="jump" coverage="50%"/></conditions></line><line number="240" hits="2" branch="false"/><line number="242" hits="4" branch="true" condition-coverage="100% (2/2)"><conditions><condition number="0" type="jump" coverage="100%"/></conditions></line><line number="243" hits="2" branch="false"/><line number="244" hits="2" branch="true" condition-coverage="50% (1/2)"><conditions><condition number="0" type="jump" coverage="50%"/></conditions></line><line number="245" hits="2" branch="false"/><line number="247" hits="2" branch="false"/></lines></class><class name="SafeSharedMemoryLock_h" filename="src/lmu_sm_interface/SafeSharedMemoryLock.h" line-rate="0.9333333333333333" branch-rate="0.5" complexity="0.0"><methods><method name="SafeSharedMemoryLock::MakeSafeSharedMemoryLock" signature="()" line-rate="0.8333333333333334" branch-rate="0.5" complexity="0.0"><lines><line number="9" hits="34521" branch="false"/><line number="10" hits="34521" branch="true" condition-coverage="50% (1/2)"><conditions><condition number="0" type="jump" coverage="50%"/></conditions></line><line number="11" hits="34521" branch="true" condition-coverage="50% (1/2)"><conditions><condition number="0" type="jump" coverage="50%"/></conditions></line><line number="12" hits="34521" branch="true" condition-coverage="50% (2/4)"><conditions><condition number="0" type="jump" coverage="50%"/></conditions></line><line number="14" hits="0" branch="false"/><line number="15" hits="34521" branch="false"/></lines></method><method name="SafeSharedMemoryLock::Lock" signature="(unsigned int)" line-rate="1.0" branch-rate="1.0" complexity="0.0"><lines><line number="19" hits="55132" branch="false"/><line number="22" hits="55132" branch="false"/></lines></method><method name="SafeSharedMemoryLock::Unlock" signature="()" line-rate="1.0" branch-rate="1.0" complexity="0.0"><lines><line number="25" hits="55132" branch="false"/><line number="26" hits="55132" branch="false"/><line number="27" hits="55132" branch="false"/></lines></method><method name="SafeSharedMemoryLock::SafeSharedMemoryLock" signature="(SafeSharedMemoryLock&amp;&amp;)" line-rate="1.0" branch-rate="1.0" complexity="0.0"><lines><line number="30" hits="69044" branch="false"/></lines></method><method name="SafeSharedMemoryLock::operator=" signature="(SafeSharedMemoryLock&amp;&amp;)" line-rate="1.0" branch-rate="1.0" complexity="0.0"><lines><line number="31" hits="2" branch="false"/></lines></method><method name="SafeSharedMemoryLock::SafeSharedMemoryLock" signature="(SharedMemoryLock&amp;&amp;)" line-rate="1.0" branch-rate="1.0" complexity="0.0"><lines><line number="35" hits="34521" branch="false"/><line number="36" hits="34521" branch="false"/></lines></method></methods><lines><line number="9" hits="34521" branch="false"/><line number="10" hits="34521" branch="true" condition-coverage="50% (1/2)"><conditions><condition number="0" type="jump" coverage="50%"/></conditions></line><line number="11" hits="34521" branch="true" condition-coverage="50% (1/2)"><conditions><condition number="0" type="jump" coverage="50%"/></conditions></line><line number="12" hits="34521" branch="true" condition-coverage="50% (2/4)"><conditions><condition number="0" type="jump" coverage="50%"/></conditions></line><line number="14" hits="0" branch="false"/><line number="15" hits="34521" branch="false"/><line number="19" hits="55132" branch="false"/><line number="22" hits="55132" branch="false"/><line number="25" hits="55132" branch="false"/><line number="26" hits="55132" branch="false"/><line number="27" hits="55132" branch="false"/><line number="30" hits="69044" branch="false"/><line number="31" hits="2" branch="false"/><line number="35" hits="34521" branch="false"/><line number="36" hits="34521" branch="false"/></lines></class><class name="SharedMemoryInterface_hpp" filename="src/lmu_sm_interface/SharedMemoryInterface.hpp" line-rate="0.88" branch-rate="0.7631578947368421" complexity="0.0"><methods><method name="SharedMemoryLock::MakeSharedMemoryLock" signature="()" line-rate="0.8333333333333334" branch-rate="0.5" complexity="0.0"><lines><line number="96" hits="34531" branch="false"/><line number="97" hits="34531" branch="false"/><line number="98" hits="34531" branch="true" condition-coverage="50% (2/4)"><conditions><condition number="0" type="jump" coverage="50%"/></conditions></line><line number="99" hits="34531" branch="true" condition-coverage="50% (1/2)"><conditions><condition number="0" type="jump" coverage="50%"/></conditions></line><line number="101" hits="0" branch="false"/><line number="102" hits="34531" branch="false"/></lines></method><method name="SharedMemoryLock::Lock" signature="(unsigned int)" line-rate="0.8181818181818182" branch-rate="0.8333333333333334" complexity="0.0"><lines><line number="103" hits="55138" branch="false"/><line number="104" hits="55138" branch="false"/><line number="105" hits="71138" branch="true" condition-coverage="100% (2/2)"><conditions><condition number="0" type="jump" coverage="100%"/></conditions></line><line number="106" hits="71134" branch="true" condition-coverage="100% (2/2)"><conditions><condition number="0" type="jump" coverage="100%"/></conditions></line><line number="107" hits="55134" branch="false"/><line number="108" hits="16000" branch="false"/><line number="110" hits="4" branch="false"/><line number="112" hits="4" branch="true" condition-coverage="50% (1/2)"><conditions><condition number="0" type="jump" coverage="50%"/></conditions></line><line number="113" hits="0" branch="false"/><line number="114" hits="0" branch="false"/><line number="116" hits="4" branch="false"/></lines></method><method name="SharedMemoryLock::Unlock" signature="()" line-rate="1.0" branch-rate="1.0" complexity="0.0"><lines><line number="119" hits="55138" branch="false"/><line number="120" hits="55138" branch="false"/><line number="121" hits="55138" branch="true" condition-coverage="100% (2/2)"><conditions><condition number="0" type="jump" coverage="100%"/></conditions></line><line number="122" hits="6" branch="false"/><line number="124" hits="55138" branch="false"/></lines></method><method name="SharedMemoryLock::Reset" signature="()" line-rate="1.0" branch-rate="1.0" complexity="0.0"><lines><line number="125" hits="4" branch="false"/><line number="126" hits="4" branch="false"/><line number="127" hits="4" branch="false"/><line number="128" hits="4" branch="false"/></lines></method><method name="SharedMemoryLock::~SharedMemoryLock" signature="()" line-rate="1.0" branch-rate="1.0" complexity="0.0"><lines><line number="129" hits="172629" branch="false"/><line number="130" hits="172629" branch="true" condition-coverage="100% (2/2)"><conditions><condition number="0" type="jump" coverage="100%"/></conditions></line><line number="131" hits="34531" branch="false"/><line number="132" hits="172629" branch="true" condition-coverage="100% (2/2)"><conditions><condition number="0" type="jump" coverage="100%"/></conditions></line><line number="133" hits="34531" branch="false"/><line number="134" hits="172629" branch="true" condition-coverage="100% (2/2)"><conditions><condition number="0" type="jump" coverage="100%"/></conditions></line><line number="135" hits="34531" branch="false"/><line number="136" hits="172629" branch="false"/></lines></method><method name="SharedMemoryLock::SharedMemoryLock" signature="(SharedMemoryLock&amp;&amp;)" line-rate="1.0" branch-rate="1.0" complexity="0.0"><lines><line number="137" hits="138098" branch="false"/><line number="138" hits="138098" branch="false"/></lines></method><method name="SharedMemoryLock::operator=" signature="(SharedMemoryLock&amp;&amp;)" line-rate="1.0" branch-rate="1.0" complexity="0.0"><lines><line number="139" hits="4" branch="false"/><line number="140" hits="4" branch="false"/><line number="141" hits="4" branch="false"/><line number="142" hits="4" branch="false"/><line number="143" hits="4" branch="false"/></lines></method><method name="SharedMemoryLock::Init" signature="()" line-rate="0.625" branch-rate="0.625" complexity="0.0"><lines><line number="151" hits="34531" branch="false"/><line number="152" hits="34531" branch="false"/><line number="153" hits="34531" branch="true" condition-coverage="50% (1/2)"><conditions><condition number="0" type="jump" coverage="50%"/></conditions></line><line number="154" hits="0" branch="false"/><line number="156" hits="34531" branch="false"/><line number="157" hits="34531" branch="true" condition-coverage="50% (1/2)"><conditions><condition number="0" type="jump" coverage="50%"/></conditions></line><line number="158" hits="0" branch="false"/><line number="159" hits="0" branch="false"/><line number="161" hits="34531" branch="true" condition-coverage="100% (2/2)"><conditions><condition number="0" type="jump" coverage="100%"/></conditions></line><line number="162" hits="2" branch="false"/><line number="164" hits="34531" branch="false"/><line number="165" hits="34531" branch="true" condition-coverage="50% (1/2)"><conditions><condition number="0" type="jump" coverage="50%"/></conditions></line><line number="166" hits="0" branch="false"/><line number="167" hits="0" branch="false"/><line number="168" hits="0" branch="false"/><line number="170" hits="34531" branch="false"/></lines></method><method name="CopySharedMemoryObj" signature="(SharedMemoryObjectOut&amp;, SharedMemoryObjectOut&amp;)" line-rate="1.0" branch-rate="0.8" complexity="0.0"><lines><line number="217" hits="55136" branch="false"/><line number="218" hits="55136" branch="false"/><line number="219" hits="55136" branch="true" condition-coverage="100% (2/2)"><conditions><condition number="0" type="jump" coverage="100%"/></conditions></line><line number="220" hits="6" branch="false"/><line number="221" hits="6" branch="false"/><line number="222" hits="6" branch="false"/><line number="223" hits="6" branch="false"/><line number="224" hits="6" branch="false"/><line number="225" hits="6" branch="false"/><line number="226" hits="6" branch="false"/><line number="228" hits="55136" branch="true" condition-coverage="50% (1/2)"><conditions><condition number="0" type="jump" coverage="50%"/></conditions></line><line number="229" hits="55136" branch="false"/><line number="230" hits="55136" branch="false"/><line number="231" hits="55136" branch="false"/><line number="232" hits="55136" branch="false"/><line number="234" hits="55136" branch="true" condition-coverage="83% (5/6)"><conditions><condition number="0" type="jump" coverage="83%"/></conditions></line><line number="235" hits="4" branch="false"/><line number="237" hits="55136" branch="false"/></lines></method></methods><lines><line number="96" hits="34531" branch="false"/><line number="97" hits="34531" branch="false"/><line number="98" hits="34531" branch="true" condition-coverage="50% (2/4)"><conditions><condition number="0" type="jump" coverage="50%"/></conditions></line><line number="99" hits="34531" branch="true" condition-coverage="50% (1/2)"><conditions><condition number="0" type="jump" coverage="50%"/></conditions></line><line number="101" hits="0" branch="false"/><line number="102" hits="34531" branch="false"/><line number="103" hits="55138" branch="false"/><line number="104" hits="55138" branch="false"/><line number="105" hits="71138" branch="true" condition-coverage="100% (2/2)"><conditions><condition number="0" type="jump" coverage="100%"/></conditions></line><line number="106" hits="71134" branch="true" condition-coverage="100% (2/2)"><conditions><condition number="0" type="jump" coverage="100%"/></conditions></line><line number="107" hits="55134" branch="false"/><line number="108" hits="16000" branch="false"/><line number="110" hits="4" branch="false"/><line number="112" hits="4" branch="true" condition-coverage="50% (1/2)"><conditions><condition number="0" type="jump" coverage="50%"/></conditions></line><line number="113" hits="0" branch="false"/><line number="114" hits="0" branch="false"/><line number="116" hits="4" branch="false"/><line number="119" hits="55138" branch="false"/><line number="120" hits="55138" branch="false"/><line number="121" hits="55138" branch="true" condition-coverage="100% (2/2)"><conditions><condition number="0" type="jump" coverage="100%"/></conditions></line><line number="122" hits="6" branch="false"/><line number="124" hits="55138" branch="false"/><line number="125" hits="4" branch="false"/><line number="126" hits="4" branch="false"/><line number="127" hits="4" branch="false"/><line number="128" hits="4" branch="false"/><line number="129" hits="172629" branch="false"/><line number="130" hits="172629" branch="true" condition-coverage="100% (2/2)"><conditions><condition number="0" type="jump" coverage="100%"/></conditions></line><line number="131" hits="34531" branch="false"/><line number="132" hits="172629" branch="true" condition-coverage="100% (2/2)"><conditions><condition number="0" type="jump" coverage="100%"/></conditions></line><line number="133" hits="34531" branch="false"/><line number="134" hits="172629" branch="true" condition-coverage="100% (2/2)"><conditions><condition number="0" type="jump" coverage="100%"/></conditions></line><line number="135" hits="34531" branch="false"/><line number="136" hits="172629" branch="false"/><line number="137" hits="138098" branch="false"/><line number="138" hits="138098" branch="false"/><line number="139" hits="4" branch="false"/><line number="140" hits="4" branch="false"/><line number="141" hits="4" branch="false"/><line number="142" hits="4" branch="false"/><line number="143" hits="4" branch="false"/><line number="151" hits="34531" branch="false"/><line number="152" hits="34531" branch="false"/><line number="153" hits="34531" branch="true" condition-coverage="50% (1/2)"><conditions><condition number="0" type="jump" coverage="50%"/></conditions></line><line number="154" hits="0" branch="false"/><line number="156" hits="34531" branch="false"/><line number="157" hits="34531" branch="true" condition-coverage="50% (1/2)"><conditions><condition number="0" type="jump" coverage="50%"/></conditions></line><line number="158" hits="0" branch="false"/><line number="159" hits="0" branch="false"/><line number="161" hits="34531" branch="true" condition-coverage="100% (2/2)"><conditions><condition number="0" type="jump" coverage="100%"/></conditions></line><line number="162" hits="2" branch="false"/><line number="164" hits="34531" branch="false"/><line number="165" hits="34531" branch="true" condition-coverage="50% (1/2)"><conditions><condition number="0" type="jump" coverage="50%"/></conditions></line><line number="166" hits="0" branch="false"/><line number="167" hits="0" branch="false"/><line number="168" hits="0" branch="false"/><line number="170" hits="34531" branch="false"/><line number="217" hits="55136" branch="false"/><line number="218" hits="55136" branch="false"/><line number="219" hits="55136" branch="true" condition-coverage="100% (2/2)"><conditions><condition number="0" type="jump" coverage="100%"/></conditions></line><line number="220" hits="6" branch="false"/><line number="221" hits="6" branch="false"/><line number="222" hits="6" branch="false"/><line number="223" hits="6" branch="false"/><line number="224" hits="6" branch="false"/><line number="225" hits="6" branch="false"/><line number="226" hits="6" branch="false"/><line number="228" hits="55136" branch="true" condition-coverage="50% (1/2)"><conditions><condition number="0" type="jump" coverage="50%"/></conditions></line><line number="229" hits="55136" branch="false"/><line number="230" hits="55136" branch="false"/><line number="231" hits="55136" branch="false"/><line number="232" hits="55136" branch="false"/><line number="234" hits="55136" branch="true" condition-coverage="83% (5/6)"><conditions><condition number="0" type="jump" coverage="83%"/></conditions></line><line number="235" hits="4" branch="false"/><line number="237" hits="55136" branch="false"/></lines></class></classes></package></packages></coverage>